<?xml version="1.0" encoding="UTF-8"?>
<!-- Generated by org.testng.reporters.JUnitXMLReporter -->
<testsuite ignored="1" hostname="ibm-ravishrana" failures="0" tests="1" name="Default test" time="5.832" errors="0" timestamp="2022-12-22T15:18:28 IST">
  <testcase classname="com.mystore.testcases.LoginPageTest" name="loginTest" time="2.967"/>
  <testcase classname="com.mystore.testcases.LoginPageTest" name="f1" time="0.0">
    <ignored/>
  </testcase> <!-- f1 -->
</testsuite> <!-- Default test -->
