<?xml version="1.0" encoding="UTF-8"?>
<!-- Generated by org.testng.reporters.JUnitXMLReporter -->
<testsuite ignored="0" hostname="ibm-ravishrana" failures="0" tests="3" name="ParallelSampleTest" time="0.064" errors="0" timestamp="2022-12-22T16:17:44 IST">
  <testcase classname="com.mystore.testcases.SampleTest" name="test3" time="0.01"/>
  <testcase classname="com.mystore.testcases.SampleTest" name="test1" time="0.01"/>
  <testcase classname="com.mystore.testcases.SampleTest" name="test2" time="0.009"/>
</testsuite> <!-- ParallelSampleTest -->
