<?xml version="1.0" encoding="UTF-8"?>
<!-- Generated by org.testng.reporters.JUnitXMLReporter -->
<testsuite ignored="1" hostname="ibm-ravishrana" failures="0" tests="3" name="Test" time="29.007" errors="0" timestamp="2023-01-03T16:19:18 IST">
  <testcase classname="com.mystore.testcases.HomePageTest" name="@AfterTest quitDriver" time="0.001">
    <failure type="java.lang.NullPointerException" message="Cannot invoke &amp;quot;org.openqa.selenium.WebDriver.quit()&amp;quot; because the return value of &amp;quot;java.lang.ThreadLocal.get()&amp;quot; is null">
      <![CDATA[java.lang.NullPointerException: Cannot invoke "org.openqa.selenium.WebDriver.quit()" because the return value of "java.lang.ThreadLocal.get()" is null
at com.mystore.testcases.HomePageTest.quitDriver(HomePageTest.java:43)
... Removed 24 stack frames]]>
    </failure>
  </testcase> <!-- @AfterTest quitDriver -->
  <testcase classname="com.mystore.testcases.LoginPageTest" name="@AfterTest quitDriver" time="-1.672742958603E9">
    <skipped/>
  </testcase> <!-- @AfterTest quitDriver -->
  <testcase classname="com.mystore.testcases.LoginPageTest" name="f1" time="0.987"/>
  <testcase classname="com.mystore.testcases.HomePageTest" name="f1" time="5.094"/>
  <testcase classname="com.mystore.testcases.LoginPageTest" name="loginTest" time="2.568"/>
  <testcase classname="com.mystore.basepackage.BaseClass" name="@BeforeTest loadConfig" time="0.0">
    <ignored/>
  </testcase> <!-- @BeforeTest loadConfig -->
</testsuite> <!-- Test -->
