<?xml version="1.0" encoding="UTF-8"?>
<!-- Generated by org.testng.reporters.JUnitXMLReporter -->
<testsuite ignored="1" hostname="ibm-ravishrana" failures="1" tests="3" name="Test" time="35.729" errors="0" timestamp="2022-12-29T18:51:48 IST">
  <testcase classname="com.mystore.testcases.LoginPageTest" name="f1" time="0.138">
    <failure type="java.lang.NullPointerException" message="Cannot invoke &amp;quot;com.mystore.pageobjects.LoginPage.login(String, String)&amp;quot; because &amp;quot;this.loginPage&amp;quot; is null">
      <![CDATA[java.lang.NullPointerException: Cannot invoke "com.mystore.pageobjects.LoginPage.login(String, String)" because "this.loginPage" is null
at com.mystore.testcases.LoginPageTest.f1(LoginPageTest.java:79)
at java.base/java.util.ArrayList.forEach(ArrayList.java:1511)
... Removed 31 stack frames]]>
    </failure>
  </testcase> <!-- f1 -->
  <testcase classname="com.mystore.testcases.LoginPageTest" name="loginTest" time="2.524"/>
  <testcase classname="com.mystore.testcases.HomePageTest" name="f1" time="4.624"/>
  <testcase classname="com.mystore.basepackage.BaseClass" name="@BeforeTest loadConfig" time="0.0">
    <ignored/>
  </testcase> <!-- @BeforeTest loadConfig -->
</testsuite> <!-- Test -->
