<?xml version="1.0" encoding="UTF-8"?>
<testng-results ignored="0" total="5" passed="5" failed="0" skipped="0">
  <reporter-output>
  </reporter-output>
  <suite started-at="2024-08-13T11:52:45 IST" name="Suite" finished-at="2024-08-13T11:54:42 IST" duration-ms="117204">
    <groups>
    </groups>
    <test started-at="2024-08-13T11:52:45 IST" name="FireFoxTest" finished-at="2024-08-13T11:54:31 IST" duration-ms="106156">
      <class name="com.mystore.testcases.FlipkartHomeTest">
        <test-method is-config="true" signature="loadConfig()[pri:0, instance:com.mystore.testcases.FlipkartHomeTest@6d304f9d]" started-at="2024-08-13T11:52:45 IST" name="loadConfig" finished-at="2024-08-13T11:52:45 IST" duration-ms="7" status="PASS">
          <reporter-output>
          </reporter-output>
        </test-method> <!-- loadConfig -->
        <test-method is-config="true" signature="launchAppBrowserStack(java.lang.String,java.lang.String,java.lang.String,java.lang.String)[pri:0, instance:com.mystore.testcases.FlipkartHomeTest@6d304f9d]" started-at="2024-08-13T11:52:45 IST" name="launchAppBrowserStack" finished-at="2024-08-13T11:53:22 IST" duration-ms="36659" status="PASS">
          <params>
            <param index="0">
              <value>
                <![CDATA[Windows]]>
              </value>
            </param>
            <param index="1">
              <value>
                <![CDATA[10]]>
              </value>
            </param>
            <param index="2">
              <value>
                <![CDATA[Firefox]]>
              </value>
            </param>
            <param index="3">
              <value>
                <![CDATA[latest]]>
              </value>
            </param>
          </params>
          <reporter-output>
          </reporter-output>
        </test-method> <!-- launchAppBrowserStack -->
        <test-method signature="printProducts()[pri:0, instance:com.mystore.testcases.FlipkartHomeTest@6d304f9d]" started-at="2024-08-13T11:53:22 IST" name="printProducts" finished-at="2024-08-13T11:54:30 IST" duration-ms="68110" status="PASS">
          <reporter-output>
          </reporter-output>
        </test-method> <!-- printProducts -->
        <test-method is-config="true" signature="quitDriver()[pri:0, instance:com.mystore.testcases.FlipkartHomeTest@6d304f9d]" started-at="2024-08-13T11:54:30 IST" name="quitDriver" finished-at="2024-08-13T11:54:31 IST" duration-ms="1143" status="PASS">
          <reporter-output>
          </reporter-output>
        </test-method> <!-- quitDriver -->
      </class> <!-- com.mystore.testcases.FlipkartHomeTest -->
    </test> <!-- FireFoxTest -->
    <test started-at="2024-08-13T11:52:45 IST" name="EdgeTest" finished-at="2024-08-13T11:54:38 IST" duration-ms="112670">
      <class name="com.mystore.testcases.FlipkartHomeTest">
        <test-method is-config="true" signature="loadConfig()[pri:0, instance:com.mystore.testcases.FlipkartHomeTest@40499e4f]" started-at="2024-08-13T11:52:45 IST" name="loadConfig" finished-at="2024-08-13T11:52:45 IST" duration-ms="7" status="PASS">
          <reporter-output>
          </reporter-output>
        </test-method> <!-- loadConfig -->
        <test-method is-config="true" signature="launchAppBrowserStack(java.lang.String,java.lang.String,java.lang.String,java.lang.String)[pri:0, instance:com.mystore.testcases.FlipkartHomeTest@40499e4f]" started-at="2024-08-13T11:52:45 IST" name="launchAppBrowserStack" finished-at="2024-08-13T11:53:22 IST" duration-ms="36825" status="PASS">
          <params>
            <param index="0">
              <value>
                <![CDATA[Windows]]>
              </value>
            </param>
            <param index="1">
              <value>
                <![CDATA[11]]>
              </value>
            </param>
            <param index="2">
              <value>
                <![CDATA[Edge]]>
              </value>
            </param>
            <param index="3">
              <value>
                <![CDATA[latest]]>
              </value>
            </param>
          </params>
          <reporter-output>
          </reporter-output>
        </test-method> <!-- launchAppBrowserStack -->
        <test-method signature="printProducts()[pri:0, instance:com.mystore.testcases.FlipkartHomeTest@40499e4f]" started-at="2024-08-13T11:53:22 IST" name="printProducts" finished-at="2024-08-13T11:54:37 IST" duration-ms="75138" status="PASS">
          <reporter-output>
          </reporter-output>
        </test-method> <!-- printProducts -->
        <test-method is-config="true" signature="quitDriver()[pri:0, instance:com.mystore.testcases.FlipkartHomeTest@40499e4f]" started-at="2024-08-13T11:54:37 IST" name="quitDriver" finished-at="2024-08-13T11:54:38 IST" duration-ms="463" status="PASS">
          <reporter-output>
          </reporter-output>
        </test-method> <!-- quitDriver -->
      </class> <!-- com.mystore.testcases.FlipkartHomeTest -->
    </test> <!-- EdgeTest -->
    <test started-at="2024-08-13T11:52:45 IST" name="ChromeTest" finished-at="2024-08-13T11:54:38 IST" duration-ms="112892">
      <class name="com.mystore.testcases.FlipkartHomeTest">
        <test-method is-config="true" signature="loadConfig()[pri:0, instance:com.mystore.testcases.FlipkartHomeTest@758c83d8]" started-at="2024-08-13T11:52:45 IST" name="loadConfig" finished-at="2024-08-13T11:52:45 IST" duration-ms="7" status="PASS">
          <reporter-output>
          </reporter-output>
        </test-method> <!-- loadConfig -->
        <test-method is-config="true" signature="launchAppBrowserStack(java.lang.String,java.lang.String,java.lang.String,java.lang.String)[pri:0, instance:com.mystore.testcases.FlipkartHomeTest@758c83d8]" started-at="2024-08-13T11:52:45 IST" name="launchAppBrowserStack" finished-at="2024-08-13T11:53:22 IST" duration-ms="36434" status="PASS">
          <params>
            <param index="0">
              <value>
                <![CDATA[Windows]]>
              </value>
            </param>
            <param index="1">
              <value>
                <![CDATA[10]]>
              </value>
            </param>
            <param index="2">
              <value>
                <![CDATA[Chrome]]>
              </value>
            </param>
            <param index="3">
              <value>
                <![CDATA[latest]]>
              </value>
            </param>
          </params>
          <reporter-output>
          </reporter-output>
        </test-method> <!-- launchAppBrowserStack -->
        <test-method signature="printProducts()[pri:0, instance:com.mystore.testcases.FlipkartHomeTest@758c83d8]" started-at="2024-08-13T11:53:22 IST" name="printProducts" finished-at="2024-08-13T11:54:38 IST" duration-ms="75733" status="PASS">
          <reporter-output>
          </reporter-output>
        </test-method> <!-- printProducts -->
        <test-method is-config="true" signature="quitDriver()[pri:0, instance:com.mystore.testcases.FlipkartHomeTest@758c83d8]" started-at="2024-08-13T11:54:38 IST" name="quitDriver" finished-at="2024-08-13T11:54:38 IST" duration-ms="474" status="PASS">
          <reporter-output>
          </reporter-output>
        </test-method> <!-- quitDriver -->
      </class> <!-- com.mystore.testcases.FlipkartHomeTest -->
    </test> <!-- ChromeTest -->
    <test started-at="2024-08-13T11:52:45 IST" name="MacChromeTest" finished-at="2024-08-13T11:54:38 IST" duration-ms="112979">
      <class name="com.mystore.testcases.FlipkartHomeTest">
        <test-method is-config="true" signature="loadConfig()[pri:0, instance:com.mystore.testcases.FlipkartHomeTest@590c73d3]" started-at="2024-08-13T11:52:45 IST" name="loadConfig" finished-at="2024-08-13T11:52:45 IST" duration-ms="7" status="PASS">
          <reporter-output>
          </reporter-output>
        </test-method> <!-- loadConfig -->
        <test-method is-config="true" signature="launchAppBrowserStack(java.lang.String,java.lang.String,java.lang.String,java.lang.String)[pri:0, instance:com.mystore.testcases.FlipkartHomeTest@590c73d3]" started-at="2024-08-13T11:52:45 IST" name="launchAppBrowserStack" finished-at="2024-08-13T11:53:24 IST" duration-ms="38858" status="PASS">
          <params>
            <param index="0">
              <value>
                <![CDATA[OS X]]>
              </value>
            </param>
            <param index="1">
              <value>
                <![CDATA[Ventura]]>
              </value>
            </param>
            <param index="2">
              <value>
                <![CDATA[Chrome]]>
              </value>
            </param>
            <param index="3">
              <value>
                <![CDATA[latest]]>
              </value>
            </param>
          </params>
          <reporter-output>
          </reporter-output>
        </test-method> <!-- launchAppBrowserStack -->
        <test-method signature="printProducts()[pri:0, instance:com.mystore.testcases.FlipkartHomeTest@590c73d3]" started-at="2024-08-13T11:53:24 IST" name="printProducts" finished-at="2024-08-13T11:54:38 IST" duration-ms="73551" status="PASS">
          <reporter-output>
          </reporter-output>
        </test-method> <!-- printProducts -->
        <test-method is-config="true" signature="quitDriver()[pri:0, instance:com.mystore.testcases.FlipkartHomeTest@590c73d3]" started-at="2024-08-13T11:54:38 IST" name="quitDriver" finished-at="2024-08-13T11:54:38 IST" duration-ms="327" status="PASS">
          <reporter-output>
          </reporter-output>
        </test-method> <!-- quitDriver -->
      </class> <!-- com.mystore.testcases.FlipkartHomeTest -->
    </test> <!-- MacChromeTest -->
    <test started-at="2024-08-13T11:52:45 IST" name="MacEdgeTest" finished-at="2024-08-13T11:54:42 IST" duration-ms="117204">
      <class name="com.mystore.testcases.FlipkartHomeTest">
        <test-method is-config="true" signature="loadConfig()[pri:0, instance:com.mystore.testcases.FlipkartHomeTest@40f1be1b]" started-at="2024-08-13T11:52:45 IST" name="loadConfig" finished-at="2024-08-13T11:52:45 IST" duration-ms="7" status="PASS">
          <reporter-output>
          </reporter-output>
        </test-method> <!-- loadConfig -->
        <test-method is-config="true" signature="launchAppBrowserStack(java.lang.String,java.lang.String,java.lang.String,java.lang.String)[pri:0, instance:com.mystore.testcases.FlipkartHomeTest@40f1be1b]" started-at="2024-08-13T11:52:45 IST" name="launchAppBrowserStack" finished-at="2024-08-13T11:53:25 IST" duration-ms="39643" status="PASS">
          <params>
            <param index="0">
              <value>
                <![CDATA[OS X]]>
              </value>
            </param>
            <param index="1">
              <value>
                <![CDATA[Sonoma]]>
              </value>
            </param>
            <param index="2">
              <value>
                <![CDATA[Edge]]>
              </value>
            </param>
            <param index="3">
              <value>
                <![CDATA[latest]]>
              </value>
            </param>
          </params>
          <reporter-output>
          </reporter-output>
        </test-method> <!-- launchAppBrowserStack -->
        <test-method signature="printProducts()[pri:0, instance:com.mystore.testcases.FlipkartHomeTest@40f1be1b]" started-at="2024-08-13T11:53:25 IST" name="printProducts" finished-at="2024-08-13T11:54:42 IST" duration-ms="77017" status="PASS">
          <reporter-output>
          </reporter-output>
        </test-method> <!-- printProducts -->
        <test-method is-config="true" signature="quitDriver()[pri:0, instance:com.mystore.testcases.FlipkartHomeTest@40f1be1b]" started-at="2024-08-13T11:54:42 IST" name="quitDriver" finished-at="2024-08-13T11:54:42 IST" duration-ms="300" status="PASS">
          <reporter-output>
          </reporter-output>
        </test-method> <!-- quitDriver -->
      </class> <!-- com.mystore.testcases.FlipkartHomeTest -->
    </test> <!-- MacEdgeTest -->
  </suite> <!-- Suite -->
</testng-results>
