<?xml version="1.0" encoding="UTF-8"?>
<testng-results ignored="1" total="4" passed="2" failed="1" skipped="0">
  <reporter-output>
  </reporter-output>
  <suite started-at="2022-12-29T18:51:12 IST" name="Suite" finished-at="2022-12-29T18:51:48 IST" duration-ms="35729">
    <groups>
    </groups>
    <test started-at="2022-12-29T18:51:12 IST" name="Test" finished-at="2022-12-29T18:51:48 IST" duration-ms="35729">
      <class name="com.mystore.testcases.HomePageTest">
        <test-method is-config="true" signature="setUp()[pri:0, instance:com.mystore.testcases.HomePageTest@5fb759d6]" started-at="2022-12-29T18:51:23 IST" name="setUp" finished-at="2022-12-29T18:51:25 IST" duration-ms="1582" status="PASS">
          <reporter-output>
          </reporter-output>
        </test-method> <!-- setUp -->
        <test-method signature="f1()[pri:0, instance:com.mystore.testcases.HomePageTest@5fb759d6]" started-at="2022-12-29T18:51:25 IST" name="f1" finished-at="2022-12-29T18:51:29 IST" duration-ms="4624" status="PASS">
          <reporter-output>
          </reporter-output>
        </test-method> <!-- f1 -->
        <test-method is-config="true" signature="teatDown()[pri:0, instance:com.mystore.testcases.HomePageTest@5fb759d6]" started-at="2022-12-29T18:51:29 IST" name="teatDown" finished-at="2022-12-29T18:51:48 IST" duration-ms="18254" status="PASS">
          <reporter-output>
          </reporter-output>
        </test-method> <!-- teatDown -->
      </class> <!-- com.mystore.testcases.HomePageTest -->
      <class name="com.mystore.testcases.LoginPageTest">
        <test-method is-config="true" signature="loadConfig()[pri:0, instance:com.mystore.testcases.LoginPageTest@f1da57d]" started-at="2022-12-29T18:51:12 IST" name="loadConfig" finished-at="2022-12-29T18:51:12 IST" duration-ms="4" status="PASS">
          <reporter-output>
          </reporter-output>
        </test-method> <!-- loadConfig -->
        <test-method is-config="true" signature="setUp()[pri:0, instance:com.mystore.testcases.LoginPageTest@f1da57d]" started-at="2022-12-29T18:51:12 IST" name="setUp" finished-at="2022-12-29T18:51:14 IST" duration-ms="2455" status="PASS">
          <reporter-output>
          </reporter-output>
        </test-method> <!-- setUp -->
        <test-method signature="f1()[pri:0, instance:com.mystore.testcases.LoginPageTest@f1da57d]" started-at="2022-12-29T18:51:14 IST" name="f1" finished-at="2022-12-29T18:51:15 IST" duration-ms="138" status="FAIL">
          <exception class="java.lang.NullPointerException">
            <message>
              <![CDATA[Cannot invoke "com.mystore.pageobjects.LoginPage.login(String, String)" because "this.loginPage" is null]]>
            </message>
            <full-stacktrace>
              <![CDATA[java.lang.NullPointerException: Cannot invoke "com.mystore.pageobjects.LoginPage.login(String, String)" because "this.loginPage" is null
at com.mystore.testcases.LoginPageTest.f1(LoginPageTest.java:79)
at java.base/jdk.internal.reflect.NativeMethodAccessorImpl.invoke0(Native Method)
at java.base/jdk.internal.reflect.NativeMethodAccessorImpl.invoke(NativeMethodAccessorImpl.java:77)
at java.base/jdk.internal.reflect.DelegatingMethodAccessorImpl.invoke(DelegatingMethodAccessorImpl.java:43)
at java.base/java.lang.reflect.Method.invoke(Method.java:568)
at org.testng.internal.MethodInvocationHelper.invokeMethod(MethodInvocationHelper.java:133)
at org.testng.internal.TestInvoker.invokeMethod(TestInvoker.java:598)
at org.testng.internal.TestInvoker.invokeTestMethod(TestInvoker.java:173)
at org.testng.internal.MethodRunner.runInSequence(MethodRunner.java:46)
at org.testng.internal.TestInvoker$MethodInvocationAgent.invoke(TestInvoker.java:824)
at org.testng.internal.TestInvoker.invokeTestMethods(TestInvoker.java:146)
at org.testng.internal.TestMethodWorker.invokeTestMethods(TestMethodWorker.java:146)
at org.testng.internal.TestMethodWorker.run(TestMethodWorker.java:128)
at java.base/java.util.ArrayList.forEach(ArrayList.java:1511)
at org.testng.TestRunner.privateRun(TestRunner.java:794)
at org.testng.TestRunner.run(TestRunner.java:596)
at org.testng.SuiteRunner.runTest(SuiteRunner.java:377)
at org.testng.SuiteRunner.runSequentially(SuiteRunner.java:371)
at org.testng.SuiteRunner.privateRun(SuiteRunner.java:332)
at org.testng.SuiteRunner.run(SuiteRunner.java:276)
at org.testng.SuiteRunnerWorker.runSuite(SuiteRunnerWorker.java:53)
at org.testng.SuiteRunnerWorker.run(SuiteRunnerWorker.java:96)
at org.testng.TestNG.runSuitesSequentially(TestNG.java:1212)
at org.testng.TestNG.runSuitesLocally(TestNG.java:1134)
at org.testng.TestNG.runSuites(TestNG.java:1063)
at org.testng.TestNG.run(TestNG.java:1031)
at org.apache.maven.surefire.testng.TestNGExecutor.run(TestNGExecutor.java:284)
at org.apache.maven.surefire.testng.TestNGXmlTestSuite.execute(TestNGXmlTestSuite.java:75)
at org.apache.maven.surefire.testng.TestNGProvider.invoke(TestNGProvider.java:119)
at org.apache.maven.surefire.booter.ForkedBooter.runSuitesInProcess(ForkedBooter.java:428)
at org.apache.maven.surefire.booter.ForkedBooter.execute(ForkedBooter.java:162)
at org.apache.maven.surefire.booter.ForkedBooter.run(ForkedBooter.java:562)
at org.apache.maven.surefire.booter.ForkedBooter.main(ForkedBooter.java:548)
]]>
            </full-stacktrace>
          </exception> <!-- java.lang.NullPointerException -->
          <reporter-output>
          </reporter-output>
        </test-method> <!-- f1 -->
        <test-method is-config="true" signature="teatDown()[pri:0, instance:com.mystore.testcases.LoginPageTest@f1da57d]" started-at="2022-12-29T18:51:15 IST" name="teatDown" finished-at="2022-12-29T18:51:17 IST" duration-ms="2087" status="PASS">
          <reporter-output>
          </reporter-output>
        </test-method> <!-- teatDown -->
        <test-method is-config="true" signature="setUp()[pri:0, instance:com.mystore.testcases.LoginPageTest@f1da57d]" started-at="2022-12-29T18:51:17 IST" name="setUp" finished-at="2022-12-29T18:51:19 IST" duration-ms="1972" status="PASS">
          <reporter-output>
          </reporter-output>
        </test-method> <!-- setUp -->
        <test-method signature="loginTest()[pri:0, instance:com.mystore.testcases.LoginPageTest@f1da57d]" started-at="2022-12-29T18:51:19 IST" name="loginTest" finished-at="2022-12-29T18:51:21 IST" duration-ms="2524" status="PASS">
          <reporter-output>
          </reporter-output>
        </test-method> <!-- loginTest -->
        <test-method is-config="true" signature="teatDown()[pri:0, instance:com.mystore.testcases.LoginPageTest@f1da57d]" started-at="2022-12-29T18:51:21 IST" name="teatDown" finished-at="2022-12-29T18:51:23 IST" duration-ms="2065" status="PASS">
          <reporter-output>
          </reporter-output>
        </test-method> <!-- teatDown -->
      </class> <!-- com.mystore.testcases.LoginPageTest -->
    </test> <!-- Test -->
  </suite> <!-- Suite -->
</testng-results>
