<?xml version="1.0" encoding="UTF-8"?>
<testng-results ignored="0" total="2" passed="2" failed="0" skipped="0">
  <reporter-output>
  </reporter-output>
  <suite started-at="2024-08-06T03:04:53 IST" name="Suite" finished-at="2024-08-06T03:05:34 IST" duration-ms="40588">
    <groups>
    </groups>
    <test started-at="2024-08-06T03:04:53 IST" name="FireFoxTest" finished-at="2024-08-06T03:05:14 IST" duration-ms="20619">
      <class name="com.mystore.testcases.FlipkartHomeTest">
        <test-method is-config="true" signature="loadConfig()[pri:0, instance:com.mystore.testcases.FlipkartHomeTest@659499f1]" started-at="2024-08-06T03:04:53 IST" name="loadConfig" finished-at="2024-08-06T03:04:53 IST" duration-ms="8" status="PASS">
          <reporter-output>
          </reporter-output>
        </test-method> <!-- loadConfig -->
        <test-method is-config="true" signature="launchApp(java.lang.String)[pri:0, instance:com.mystore.testcases.FlipkartHomeTest@659499f1]" started-at="2024-08-06T03:04:53 IST" name="launchApp" finished-at="2024-08-06T03:05:02 IST" duration-ms="8323" status="PASS">
          <params>
            <param index="0">
              <value>
                <![CDATA[Firefox]]>
              </value>
            </param>
          </params>
          <reporter-output>
          </reporter-output>
        </test-method> <!-- launchApp -->
        <test-method signature="printProducts()[pri:0, instance:com.mystore.testcases.FlipkartHomeTest@659499f1]" started-at="2024-08-06T03:05:02 IST" name="printProducts" finished-at="2024-08-06T03:05:12 IST" duration-ms="10678" status="PASS">
          <reporter-output>
          </reporter-output>
        </test-method> <!-- printProducts -->
        <test-method is-config="true" signature="quitDriver()[pri:0, instance:com.mystore.testcases.FlipkartHomeTest@659499f1]" started-at="2024-08-06T03:05:12 IST" name="quitDriver" finished-at="2024-08-06T03:05:14 IST" duration-ms="1589" status="PASS">
          <reporter-output>
          </reporter-output>
        </test-method> <!-- quitDriver -->
      </class> <!-- com.mystore.testcases.FlipkartHomeTest -->
    </test> <!-- FireFoxTest -->
    <test started-at="2024-08-06T03:04:53 IST" name="ChromeTest" finished-at="2024-08-06T03:05:34 IST" duration-ms="40588">
      <class name="com.mystore.testcases.FlipkartHomeTest">
        <test-method is-config="true" signature="loadConfig()[pri:0, instance:com.mystore.testcases.FlipkartHomeTest@5ba3f27a]" started-at="2024-08-06T03:04:53 IST" name="loadConfig" finished-at="2024-08-06T03:04:53 IST" duration-ms="8" status="PASS">
          <reporter-output>
          </reporter-output>
        </test-method> <!-- loadConfig -->
        <test-method is-config="true" signature="launchApp(java.lang.String)[pri:0, instance:com.mystore.testcases.FlipkartHomeTest@5ba3f27a]" started-at="2024-08-06T03:04:53 IST" name="launchApp" finished-at="2024-08-06T03:04:59 IST" duration-ms="6086" status="PASS">
          <params>
            <param index="0">
              <value>
                <![CDATA[Chrome]]>
              </value>
            </param>
          </params>
          <reporter-output>
          </reporter-output>
        </test-method> <!-- launchApp -->
        <test-method signature="printProducts()[pri:0, instance:com.mystore.testcases.FlipkartHomeTest@5ba3f27a]" started-at="2024-08-06T03:05:00 IST" name="printProducts" finished-at="2024-08-06T03:05:34 IST" duration-ms="34212" status="PASS">
          <reporter-output>
          </reporter-output>
        </test-method> <!-- printProducts -->
        <test-method is-config="true" signature="quitDriver()[pri:0, instance:com.mystore.testcases.FlipkartHomeTest@5ba3f27a]" started-at="2024-08-06T03:05:34 IST" name="quitDriver" finished-at="2024-08-06T03:05:34 IST" duration-ms="250" status="PASS">
          <reporter-output>
          </reporter-output>
        </test-method> <!-- quitDriver -->
      </class> <!-- com.mystore.testcases.FlipkartHomeTest -->
    </test> <!-- ChromeTest -->
  </suite> <!-- Suite -->
</testng-results>
