<?xml version="1.0" encoding="UTF-8"?>
<testsuite xmlns:xsi="http://www.w3.org/2001/XMLSchema-instance" xsi:noNamespaceSchemaLocation="https://maven.apache.org/surefire/maven-surefire-plugin/xsd/surefire-test-report-3.0.xsd" version="3.0" name="TestSuite" time="113.93" tests="5" errors="0" skipped="0" failures="2">
  <properties>
[...]
</properties>
  <testcase name="printProducts" classname="com.mystore.testcases.FlipkartHomeTest" time="56.448">
    <failure message="no such element: Unable to locate element: {&quot;method&quot;:&quot;xpath&quot;,&quot;selector&quot;:&quot;//*[text()=&apos;in Mobiles&apos;]//ancestor::a[contains(@href,&apos;samsung+galaxy+s10&apos;)]&quot;}&#10;  (Session info: chrome=126.0.6478.61)&#10;For documentation on this error, please visit: https://selenium.dev/exceptions/#no_such_element&#10;Build info: version: &apos;4.1.4&apos;, revision: &apos;535d840ee2&apos;&#10;System info: host: &apos;IBM-RAVISHRANA&apos;, ip: &apos;192.168.29.167&apos;, os.name: &apos;Windows 11&apos;, os.arch: &apos;amd64&apos;, os.version: &apos;10.0&apos;, java.version: &apos;11.0.18&apos;&#10;Driver info: org.openqa.selenium.remote.RemoteWebDriver&#10;Command: [54b0bd58-455a-4b37-bad0-04d83d8b3766, findElement {using=xpath, value=//*[text()=&apos;in Mobiles&apos;]//ancestor::a[contains(@href,&apos;samsung+galaxy+s10&apos;)]}]&#10;Capabilities {acceptInsecureCerts: false, browserName: chrome, browserVersion: 126.0.6478.61, bstack:options: {accessKey: CAxyP14U99jJLtThkKMj, browser_version: latest, browserstack.selenium_version: 4.1.4, consoleLogs: info, os: Windows, os_version: 10, sessionName: Parallel Test - Browser : C..., username: ravishrana_5vWQ7y}, chrome: {chromedriverVersion: 126.0.6478.182 (5b5d8292ddf..., userDataDir: C:\Windows\SystemTemp\scope...}, fedcm:accounts: true, goog:chromeOptions: {debuggerAddress: localhost:49238}, goog:loggingPrefs: {browser: INFO}, javascriptEnabled: true, networkConnectionEnabled: false, pageLoadStrategy: normal, platform: WINDOWS, platformName: WINDOWS, proxy: Proxy(manual, socks=repeate..., se:bidiEnabled: false, se:cdp: ws://10.64.15.73:4444/sessi..., se:cdpVersion: 126.0.6478.61, setWindowRect: true, strictFileInteractability: false, timeouts: {implicit: 0, pageLoad: 300000, script: 30000}, unhandledPromptBehavior: dismiss and notify, webauthn:extension:credBlob: true, webauthn:extension:largeBlob: true, webauthn:extension:minPinLength: true, webauthn:extension:prf: true, webauthn:virtualAuthenticators: true}&#10;Session ID: 54b0bd58-455a-4b37-bad0-04d83d8b3766" type="org.openqa.selenium.NoSuchElementException"><![CDATA[org.openqa.selenium.NoSuchElementException: 
no such element: Unable to locate element: {"method":"xpath","selector":"//*[text()='in Mobiles']//ancestor::a[contains(@href,'samsung+galaxy+s10')]"}
  (Session info: chrome=126.0.6478.61)
For documentation on this error, please visit: https://selenium.dev/exceptions/#no_such_element
Build info: version: '4.1.4', revision: '535d840ee2'
System info: host: 'IBM-RAVISHRANA', ip: '192.168.29.167', os.name: 'Windows 11', os.arch: 'amd64', os.version: '10.0', java.version: '11.0.18'
Driver info: org.openqa.selenium.remote.RemoteWebDriver
Command: [54b0bd58-455a-4b37-bad0-04d83d8b3766, findElement {using=xpath, value=//*[text()='in Mobiles']//ancestor::a[contains(@href,'samsung+galaxy+s10')]}]
Capabilities {acceptInsecureCerts: false, browserName: chrome, browserVersion: 126.0.6478.61, bstack:options: {accessKey: CAxyP14U99jJLtThkKMj, browser_version: latest, browserstack.selenium_version: 4.1.4, consoleLogs: info, os: Windows, os_version: 10, sessionName: Parallel Test - Browser : C..., username: ravishrana_5vWQ7y}, chrome: {chromedriverVersion: 126.0.6478.182 (5b5d8292ddf..., userDataDir: C:\Windows\SystemTemp\scope...}, fedcm:accounts: true, goog:chromeOptions: {debuggerAddress: localhost:49238}, goog:loggingPrefs: {browser: INFO}, javascriptEnabled: true, networkConnectionEnabled: false, pageLoadStrategy: normal, platform: WINDOWS, platformName: WINDOWS, proxy: Proxy(manual, socks=repeate..., se:bidiEnabled: false, se:cdp: ws://10.64.15.73:4444/sessi..., se:cdpVersion: 126.0.6478.61, setWindowRect: true, strictFileInteractability: false, timeouts: {implicit: 0, pageLoad: 300000, script: 30000}, unhandledPromptBehavior: dismiss and notify, webauthn:extension:credBlob: true, webauthn:extension:largeBlob: true, webauthn:extension:minPinLength: true, webauthn:extension:prf: true, webauthn:virtualAuthenticators: true}
Session ID: 54b0bd58-455a-4b37-bad0-04d83d8b3766
	at com.mystore.testcases.FlipkartHomeTest.printProducts(FlipkartHomeTest.java:21)
]]></failure>
    <system-out><![CDATA[Super constructor invoked
Super constructor invoked
Super constructor invoked
Super constructor invoked
Super constructor invoked
Initial State of Driver= java.lang.ThreadLocal@1020afe9
Initial State of Driver= java.lang.ThreadLocal@1020afe9
Initial State of Driver= java.lang.ThreadLocal@1020afe9
Initial State of Driver= java.lang.ThreadLocal@1020afe9
Initial State of Driver= java.lang.ThreadLocal@1020afe9
URL to hit is : https://ravishrana_5vWQ7y:CAxyP14U99jJLtThkKMj@v9v7j6fv-hub.browserstack-ats.com/wd/hub
URL to hit is : https://ravishrana_5vWQ7y:CAxyP14U99jJLtThkKMj@v9v7j6fv-hub.browserstack-ats.com/wd/hub
URL to hit is : https://ravishrana_5vWQ7y:CAxyP14U99jJLtThkKMj@v9v7j6fv-hub.browserstack-ats.com/wd/hub
URL to hit is : https://ravishrana_5vWQ7y:CAxyP14U99jJLtThkKMj@v9v7j6fv-hub.browserstack-ats.com/wd/hub
URL to hit is : https://ravishrana_5vWQ7y:CAxyP14U99jJLtThkKMj@v9v7j6fv-hub.browserstack-ats.com/wd/hub
RemoteWebDriver: MicrosoftEdge on LINUX (962b844d-5fef-47ea-bbc8-ed8452023b01) BrowserStack driver has been instantiated. 
RemoteWebDriver: chrome on LINUX (f71fd102-6d33-4953-964f-11d0af0556d7) BrowserStack driver has been instantiated. 
RemoteWebDriver: chrome on WINDOWS (54b0bd58-455a-4b37-bad0-04d83d8b3766) BrowserStack driver has been instantiated. 
RemoteWebDriver: MicrosoftEdge on WINDOWS (96d8738e-92c8-4d7b-a632-a5f2ac758f20) BrowserStack driver has been instantiated. 
RemoteWebDriver: firefox on WINDOWS (e8ede3e9-489f-4c79-9031-0593588fd77d) BrowserStack driver has been instantiated. 
BA652ABFDB8D54AAC9B19A35ECD0B645
91d0e550-0169-4047-93d8-8b4b7770fd86
C01821C73EFAB8914515A98D0CD9408E
7F7F1B942E964ED2BD44C0514C9D735B
492B8A43E549C0AB5726AFF8A2ED0218
First try in catch
First try in catch
First try in catch
First try in catch
First try in catch
Name: SAMSUNG Galaxy S24 Ultra 5G (Titanium Gray, 512 GB)
Price: ₹1,31,499
Link: https://www.flipkart.com/samsung-galaxy-s24-ultra-5g-titanium-gray-512-gb/p/itm463827d6eb2be?pid=MOBGX2F3XNW3HK8K&lid=LSTMOBGX2F3XNW3HK8KCQXMCT&marketplace=FLIPKART&q=samsung+galaxy+s10+lite+mobile&store=tyy%2F4io&srno=s_1_1&otracker=AS_QueryStore_OrganicAutoSuggest_1_18_na_na_na&otracker1=AS_QueryStore_OrganicAutoSuggest_1_18_na_na_na&fm=search-autosuggest&iid=c5a94e27-ed30-4c21-9f9b-9a05b43b0667.MOBGX2F3XNW3HK8K.SEARCH&ppt=sp&ppn=sp&ssid=6efptd02og0000001723042421327&qH=1284a3c29a2ae1f4
-----------------------------
First try in catch
Name: SAMSUNG Galaxy S23 Ultra 5G (Cream, 512 GB)
Price: ₹1,24,999
Link: https://www.flipkart.com/samsung-galaxy-s23-ultra-5g-cream-512-gb/p/itm1db5d333d4ee1?pid=MOBGMFFXEHJGRUXK&lid=LSTMOBGMFFXEHJGRUXKYBVAQY&marketplace=FLIPKART&q=samsung+galaxy+s10+lite+mobile&store=tyy%2F4io&srno=s_1_2&otracker=AS_QueryStore_OrganicAutoSuggest_1_18_na_na_na&otracker1=AS_QueryStore_OrganicAutoSuggest_1_18_na_na_na&fm=search-autosuggest&iid=c5a94e27-ed30-4c21-9f9b-9a05b43b0667.MOBGMFFXEHJGRUXK.SEARCH&ppt=sp&ppn=sp&ssid=6efptd02og0000001723042421327&qH=1284a3c29a2ae1f4
-----------------------------
Name: SAMSUNG Galaxy S24 Ultra 5G (Titanium Gray, 256 GB)
Price: ₹1,21,999
Link: https://www.flipkart.com/samsung-galaxy-s24-ultra-5g-titanium-gray-256-gb/p/itm12ef5ea0212ed?pid=MOBGX2F3RQKKKTAW&lid=LSTMOBGX2F3RQKKKTAWKAVWET&marketplace=FLIPKART&q=samsung+galaxy+s10+lite+mobile&store=tyy%2F4io&srno=s_1_3&otracker=AS_QueryStore_OrganicAutoSuggest_1_18_na_na_na&otracker1=AS_QueryStore_OrganicAutoSuggest_1_18_na_na_na&fm=search-autosuggest&iid=c5a94e27-ed30-4c21-9f9b-9a05b43b0667.MOBGX2F3RQKKKTAW.SEARCH&ppt=sp&ppn=sp&ssid=6efptd02og0000001723042421327&qH=1284a3c29a2ae1f4
-----------------------------
First try in catch
Name: SAMSUNG Galaxy S24 Ultra 5G (Titanium Violet, 512 GB)
Price: ₹1,31,499
Link: https://www.flipkart.com/samsung-galaxy-s24-ultra-5g-titanium-violet-512-gb/p/itmb65a445764f10?pid=MOBGX2F3PHGQHXSB&lid=LSTMOBGX2F3PHGQHXSBOO4CVF&marketplace=FLIPKART&q=samsung+galaxy+s10+lite+price&store=tyy%2F4io&srno=s_1_1&otracker=AS_QueryStore_OrganicAutoSuggest_2_18_na_na_na&otracker1=AS_QueryStore_OrganicAutoSuggest_2_18_na_na_na&fm=search-autosuggest&iid=1967b910-af86-4730-8d00-b147188281dc.MOBGX2F3PHGQHXSB.SEARCH&ppt=sp&ppn=sp&ssid=v8sniqbaz40000001723042425227&qH=e9ac4d84cd2eb9ab
-----------------------------
Name: SAMSUNG Galaxy S24 Ultra 5G (Titanium Violet, 256 GB)
Price: ₹1,21,999
Link: https://www.flipkart.com/samsung-galaxy-s24-ultra-5g-titanium-violet-256-gb/p/itmd4f51262e3e6b?pid=MOBGX2F38JBJGZSE&lid=LSTMOBGX2F38JBJGZSELMVCH5&marketplace=FLIPKART&q=samsung+galaxy+s10+lite+mobile&store=tyy%2F4io&srno=s_1_4&otracker=AS_QueryStore_OrganicAutoSuggest_1_18_na_na_na&otracker1=AS_QueryStore_OrganicAutoSuggest_1_18_na_na_na&fm=search-autosuggest&iid=c5a94e27-ed30-4c21-9f9b-9a05b43b0667.MOBGX2F38JBJGZSE.SEARCH&ppt=sp&ppn=sp&ssid=6efptd02og0000001723042421327&qH=1284a3c29a2ae1f4
-----------------------------
Name: SAMSUNG Galaxy S24 Ultra 5G (Titanium Gray, 512 GB)
Price: ₹1,31,499
Link: https://www.flipkart.com/samsung-galaxy-s24-ultra-5g-titanium-gray-512-gb/p/itm463827d6eb2be?pid=MOBGX2F3XNW3HK8K&lid=LSTMOBGX2F3XNW3HK8KCQXMCT&marketplace=FLIPKART&q=samsung+galaxy+s10+lite+mobile&store=tyy%2F4io&srno=s_1_1&otracker=AS_QueryStore_OrganicAutoSuggest_1_18_na_na_na&otracker1=AS_QueryStore_OrganicAutoSuggest_1_18_na_na_na&fm=search-autosuggest&iid=ae3fe0a7-2a2f-4d15-95a4-dcf6759ae77b.MOBGX2F3XNW3HK8K.SEARCH&ppt=sp&ppn=sp&ssid=cqb35bbqsw0000001723042426187&qH=1284a3c29a2ae1f4
-----------------------------
Name: SAMSUNG Galaxy S23 Ultra 5G (Cream, 512 GB)
Price: ₹1,24,999
Link: https://www.flipkart.com/samsung-galaxy-s23-ultra-5g-cream-512-gb/p/itm1db5d333d4ee1?pid=MOBGMFFXEHJGRUXK&lid=LSTMOBGMFFXEHJGRUXKYBVAQY&marketplace=FLIPKART&q=samsung+galaxy+s10+lite+price&store=tyy%2F4io&srno=s_1_2&otracker=AS_QueryStore_OrganicAutoSuggest_2_18_na_na_na&otracker1=AS_QueryStore_OrganicAutoSuggest_2_18_na_na_na&fm=search-autosuggest&iid=1967b910-af86-4730-8d00-b147188281dc.MOBGMFFXEHJGRUXK.SEARCH&ppt=sp&ppn=sp&ssid=v8sniqbaz40000001723042425227&qH=e9ac4d84cd2eb9ab
-----------------------------
Name: SAMSUNG Galaxy S24 Ultra 5G (Titanium Yellow, 256 GB)
Price: ₹1,21,999
Link: https://www.flipkart.com/samsung-galaxy-s24-ultra-5g-titanium-yellow-256-gb/p/itmeda50bc408d7d?pid=MOBHFRB2F96W6YYS&lid=LSTMOBHFRB2F96W6YYSRNYU8G&marketplace=FLIPKART&q=samsung+galaxy+s10+lite+mobile&store=tyy%2F4io&srno=s_1_5&otracker=AS_QueryStore_OrganicAutoSuggest_1_18_na_na_na&otracker1=AS_QueryStore_OrganicAutoSuggest_1_18_na_na_na&fm=search-autosuggest&iid=c5a94e27-ed30-4c21-9f9b-9a05b43b0667.MOBHFRB2F96W6YYS.SEARCH&ppt=sp&ppn=sp&ssid=6efptd02og0000001723042421327&qH=1284a3c29a2ae1f4
-----------------------------
Name: SAMSUNG Galaxy S23 Ultra 5G (Cream, 512 GB)
Price: ₹1,24,999
Link: https://www.flipkart.com/samsung-galaxy-s23-ultra-5g-cream-512-gb/p/itm1db5d333d4ee1?pid=MOBGMFFXEHJGRUXK&lid=LSTMOBGMFFXEHJGRUXKYBVAQY&marketplace=FLIPKART&q=samsung+galaxy+s10+lite+mobile&store=tyy%2F4io&srno=s_1_2&otracker=AS_QueryStore_OrganicAutoSuggest_1_18_na_na_na&otracker1=AS_QueryStore_OrganicAutoSuggest_1_18_na_na_na&fm=search-autosuggest&iid=ae3fe0a7-2a2f-4d15-95a4-dcf6759ae77b.MOBGMFFXEHJGRUXK.SEARCH&ppt=sp&ppn=sp&ssid=cqb35bbqsw0000001723042426187&qH=1284a3c29a2ae1f4
-----------------------------
Name: SAMSUNG Galaxy S24 Ultra 5G (Titanium Black, 256 GB)
Price: ₹1,21,999
Link: https://www.flipkart.com/samsung-galaxy-s24-ultra-5g-titanium-black-256-gb/p/itm7d3b6b5d0f501?pid=MOBGX2F3QGZYYZAK&lid=LSTMOBGX2F3QGZYYZAKNETZ3C&marketplace=FLIPKART&q=samsung+galaxy+s10+lite+price&store=tyy%2F4io&srno=s_1_3&otracker=AS_QueryStore_OrganicAutoSuggest_2_18_na_na_na&otracker1=AS_QueryStore_OrganicAutoSuggest_2_18_na_na_na&fm=search-autosuggest&iid=1967b910-af86-4730-8d00-b147188281dc.MOBGX2F3QGZYYZAK.SEARCH&ppt=sp&ppn=sp&ssid=v8sniqbaz40000001723042425227&qH=e9ac4d84cd2eb9ab
-----------------------------
Name: SAMSUNG Galaxy S24+ 5G (Onyx Black, 512 GB)
Price: ₹98,499
Link: https://www.flipkart.com/samsung-galaxy-s24-5g-onyx-black-512-gb/p/itme2d93d42550ad?pid=MOBGX2F3YAZ6MRCQ&lid=LSTMOBGX2F3YAZ6MRCQFU5NRH&marketplace=FLIPKART&q=samsung+galaxy+s10+lite+mobile&store=tyy%2F4io&srno=s_1_6&otracker=AS_QueryStore_OrganicAutoSuggest_1_18_na_na_na&otracker1=AS_QueryStore_OrganicAutoSuggest_1_18_na_na_na&fm=search-autosuggest&iid=c5a94e27-ed30-4c21-9f9b-9a05b43b0667.MOBGX2F3YAZ6MRCQ.SEARCH&ppt=sp&ppn=sp&ssid=6efptd02og0000001723042421327&qH=1284a3c29a2ae1f4
-----------------------------
First try in catch
Name: SAMSUNG Galaxy S24 Ultra 5G (Titanium Gray, 256 GB)
Price: ₹1,21,999
Link: https://www.flipkart.com/samsung-galaxy-s24-ultra-5g-titanium-gray-256-gb/p/itm12ef5ea0212ed?pid=MOBGX2F3RQKKKTAW&lid=LSTMOBGX2F3RQKKKTAWKAVWET&marketplace=FLIPKART&q=samsung+galaxy+s10+lite+mobile&store=tyy%2F4io&srno=s_1_3&otracker=AS_QueryStore_OrganicAutoSuggest_1_18_na_na_na&otracker1=AS_QueryStore_OrganicAutoSuggest_1_18_na_na_na&fm=search-autosuggest&iid=ae3fe0a7-2a2f-4d15-95a4-dcf6759ae77b.MOBGX2F3RQKKKTAW.SEARCH&ppt=sp&ppn=sp&ssid=cqb35bbqsw0000001723042426187&qH=1284a3c29a2ae1f4
-----------------------------
Name: SAMSUNG Galaxy S24 Ultra 5G (Titanium Gray, 256 GB)
Price: ₹1,21,999
Link: https://www.flipkart.com/samsung-galaxy-s24-ultra-5g-titanium-gray-256-gb/p/itm12ef5ea0212ed?pid=MOBGX2F3RQKKKTAW&lid=LSTMOBGX2F3RQKKKTAWKAVWET&marketplace=FLIPKART&q=samsung+galaxy+s10+lite+price&store=tyy%2F4io&srno=s_1_4&otracker=AS_QueryStore_OrganicAutoSuggest_2_18_na_na_na&otracker1=AS_QueryStore_OrganicAutoSuggest_2_18_na_na_na&fm=search-autosuggest&iid=1967b910-af86-4730-8d00-b147188281dc.MOBGX2F3RQKKKTAW.SEARCH&ppt=sp&ppn=sp&ssid=v8sniqbaz40000001723042425227&qH=e9ac4d84cd2eb9ab
-----------------------------
Name: SAMSUNG Galaxy S24+ 5G (Cobalt Violet, 512 GB)
Price: ₹98,499
Link: https://www.flipkart.com/samsung-galaxy-s24-5g-cobalt-violet-512-gb/p/itmdbe5ac49590db?pid=MOBGX2F3SN4R8GHF&lid=LSTMOBGX2F3SN4R8GHFUVLXKX&marketplace=FLIPKART&q=samsung+galaxy+s10+lite+mobile&store=tyy%2F4io&srno=s_1_7&otracker=AS_QueryStore_OrganicAutoSuggest_1_18_na_na_na&otracker1=AS_QueryStore_OrganicAutoSuggest_1_18_na_na_na&fm=search-autosuggest&iid=c5a94e27-ed30-4c21-9f9b-9a05b43b0667.MOBGX2F3SN4R8GHF.SEARCH&ppt=sp&ppn=sp&ssid=6efptd02og0000001723042421327&qH=1284a3c29a2ae1f4
-----------------------------
Name: SAMSUNG Galaxy S24+ 5G (Onyx Black, 512 GB)
Price: ₹98,499
Link: https://www.flipkart.com/samsung-galaxy-s24-5g-onyx-black-512-gb/p/itme2d93d42550ad?pid=MOBGX2F3YAZ6MRCQ&lid=LSTMOBGX2F3YAZ6MRCQFU5NRH&marketplace=FLIPKART&q=samsung+galaxy+s10+lite+price&store=tyy%2F4io&srno=s_1_5&otracker=AS_QueryStore_OrganicAutoSuggest_2_18_na_na_na&otracker1=AS_QueryStore_OrganicAutoSuggest_2_18_na_na_na&fm=search-autosuggest&iid=1967b910-af86-4730-8d00-b147188281dc.MOBGX2F3YAZ6MRCQ.SEARCH&ppt=sp&ppn=sp&ssid=v8sniqbaz40000001723042425227&qH=e9ac4d84cd2eb9ab
-----------------------------
Name: SAMSUNG Galaxy S24 Ultra 5G (Titanium Yellow, 256 GB)
Price: ₹1,21,999
Link: https://www.flipkart.com/samsung-galaxy-s24-ultra-5g-titanium-yellow-256-gb/p/itmeda50bc408d7d?pid=MOBHFRB2F96W6YYS&lid=LSTMOBHFRB2F96W6YYSRNYU8G&marketplace=FLIPKART&q=samsung+galaxy+s10+lite+mobile&store=tyy%2F4io&srno=s_1_4&otracker=AS_QueryStore_OrganicAutoSuggest_1_18_na_na_na&otracker1=AS_QueryStore_OrganicAutoSuggest_1_18_na_na_na&fm=search-autosuggest&iid=ae3fe0a7-2a2f-4d15-95a4-dcf6759ae77b.MOBHFRB2F96W6YYS.SEARCH&ppt=sp&ppn=sp&ssid=cqb35bbqsw0000001723042426187&qH=1284a3c29a2ae1f4
-----------------------------
Name: SAMSUNG Galaxy S23 Plus 5G (Cream, 512 GB)
Price: ₹94,000
Link: https://www.flipkart.com/samsung-galaxy-s23-plus-5g-cream-512-gb/p/itm1f3bef850ef01?pid=MOBGMFFXHKGEXXGZ&lid=LSTMOBGMFFXHKGEXXGZCN8Z4O&marketplace=FLIPKART&q=samsung+galaxy+s10+lite+mobile&store=tyy%2F4io&srno=s_1_8&otracker=AS_QueryStore_OrganicAutoSuggest_1_18_na_na_na&otracker1=AS_QueryStore_OrganicAutoSuggest_1_18_na_na_na&fm=search-autosuggest&iid=c5a94e27-ed30-4c21-9f9b-9a05b43b0667.MOBGMFFXHKGEXXGZ.SEARCH&ppt=sp&ppn=sp&ssid=6efptd02og0000001723042421327&qH=1284a3c29a2ae1f4
-----------------------------
Name: SAMSUNG Galaxy S24+ 5G (Cobalt Violet, 512 GB)
Price: ₹98,499
Link: https://www.flipkart.com/samsung-galaxy-s24-5g-cobalt-violet-512-gb/p/itmdbe5ac49590db?pid=MOBGX2F3SN4R8GHF&lid=LSTMOBGX2F3SN4R8GHFUVLXKX&marketplace=FLIPKART&q=samsung+galaxy+s10+lite+price&store=tyy%2F4io&srno=s_1_6&otracker=AS_QueryStore_OrganicAutoSuggest_2_18_na_na_na&otracker1=AS_QueryStore_OrganicAutoSuggest_2_18_na_na_na&fm=search-autosuggest&iid=1967b910-af86-4730-8d00-b147188281dc.MOBGX2F3SN4R8GHF.SEARCH&ppt=sp&ppn=sp&ssid=v8sniqbaz40000001723042425227&qH=e9ac4d84cd2eb9ab
-----------------------------
Name: SAMSUNG Galaxy S24 Ultra 5G (Titanium Violet, 256 GB)
Price: ₹1,21,999
Link: https://www.flipkart.com/samsung-galaxy-s24-ultra-5g-titanium-violet-256-gb/p/itmd4f51262e3e6b?pid=MOBGX2F38JBJGZSE&lid=LSTMOBGX2F38JBJGZSELMVCH5&marketplace=FLIPKART&q=samsung+galaxy+s10+lite+mobile&store=tyy%2F4io&srno=s_1_5&otracker=AS_QueryStore_OrganicAutoSuggest_1_18_na_na_na&otracker1=AS_QueryStore_OrganicAutoSuggest_1_18_na_na_na&fm=search-autosuggest&iid=ae3fe0a7-2a2f-4d15-95a4-dcf6759ae77b.MOBGX2F38JBJGZSE.SEARCH&ppt=sp&ppn=sp&ssid=cqb35bbqsw0000001723042426187&qH=1284a3c29a2ae1f4
-----------------------------
Name: SAMSUNG Galaxy S23 Ultra 5G (Green, 256 GB)
Price: ₹89,999
Link: https://www.flipkart.com/samsung-galaxy-s23-ultra-5g-green-256-gb/p/itm77dc35f7779a4?pid=MOBGMFFX32WUYXUJ&lid=LSTMOBGMFFX32WUYXUJEUVNIW&marketplace=FLIPKART&q=samsung+galaxy+s10+lite+mobile&store=tyy%2F4io&srno=s_1_9&otracker=AS_QueryStore_OrganicAutoSuggest_1_18_na_na_na&otracker1=AS_QueryStore_OrganicAutoSuggest_1_18_na_na_na&fm=search-autosuggest&iid=c5a94e27-ed30-4c21-9f9b-9a05b43b0667.MOBGMFFX32WUYXUJ.SEARCH&ppt=sp&ppn=sp&ssid=6efptd02og0000001723042421327&qH=1284a3c29a2ae1f4
-----------------------------
Name: SAMSUNG Galaxy S24+ 5G (Cobalt Violet, 256 GB)
Price: ₹88,999
Link: https://www.flipkart.com/samsung-galaxy-s24-5g-cobalt-violet-256-gb/p/itm46fc37ddc7255?pid=MOBGX2F3GDX7QYFT&lid=LSTMOBGX2F3GDX7QYFTDDMJ7Z&marketplace=FLIPKART&q=samsung+galaxy+s10+lite+price&store=tyy%2F4io&srno=s_1_7&otracker=AS_QueryStore_OrganicAutoSuggest_2_18_na_na_na&otracker1=AS_QueryStore_OrganicAutoSuggest_2_18_na_na_na&fm=search-autosuggest&iid=1967b910-af86-4730-8d00-b147188281dc.MOBGX2F3GDX7QYFT.SEARCH&ppt=sp&ppn=sp&ssid=v8sniqbaz40000001723042425227&qH=e9ac4d84cd2eb9ab
-----------------------------
Name: SAMSUNG Galaxy S24+ 5G (Onyx Black, 512 GB)
Price: ₹98,499
Link: https://www.flipkart.com/samsung-galaxy-s24-5g-onyx-black-512-gb/p/itme2d93d42550ad?pid=MOBGX2F3YAZ6MRCQ&lid=LSTMOBGX2F3YAZ6MRCQFU5NRH&marketplace=FLIPKART&q=samsung+galaxy+s10+lite+mobile&store=tyy%2F4io&srno=s_1_6&otracker=AS_QueryStore_OrganicAutoSuggest_1_18_na_na_na&otracker1=AS_QueryStore_OrganicAutoSuggest_1_18_na_na_na&fm=search-autosuggest&iid=ae3fe0a7-2a2f-4d15-95a4-dcf6759ae77b.MOBGX2F3YAZ6MRCQ.SEARCH&ppt=sp&ppn=sp&ssid=cqb35bbqsw0000001723042426187&qH=1284a3c29a2ae1f4
-----------------------------
Second try in catch
Name: SAMSUNG Galaxy S23 Ultra 5G (Cream, 256 GB)
Price: ₹89,999
Link: https://www.flipkart.com/samsung-galaxy-s23-ultra-5g-cream-256-gb/p/itm322ed1a040dec?pid=MOBGMFFX44FGHNHV&lid=LSTMOBGMFFX44FGHNHVKDIBNL&marketplace=FLIPKART&q=samsung+galaxy+s10+lite+mobile&store=tyy%2F4io&srno=s_1_10&otracker=AS_QueryStore_OrganicAutoSuggest_1_18_na_na_na&otracker1=AS_QueryStore_OrganicAutoSuggest_1_18_na_na_na&fm=search-autosuggest&iid=c5a94e27-ed30-4c21-9f9b-9a05b43b0667.MOBGMFFX44FGHNHV.SEARCH&ppt=sp&ppn=sp&ssid=6efptd02og0000001723042421327&qH=1284a3c29a2ae1f4
-----------------------------
Name: SAMSUNG Galaxy S24 5G (Cobalt Violet, 512 GB)
Price: ₹84,499
Link: https://www.flipkart.com/samsung-galaxy-s24-5g-cobalt-violet-512-gb/p/itm0d5ed926087c7?pid=MOBGX2F3V52SBYMZ&lid=LSTMOBGX2F3V52SBYMZKEWTB0&marketplace=FLIPKART&q=samsung+galaxy+s10+lite+price&store=tyy%2F4io&srno=s_1_8&otracker=AS_QueryStore_OrganicAutoSuggest_2_18_na_na_na&otracker1=AS_QueryStore_OrganicAutoSuggest_2_18_na_na_na&fm=search-autosuggest&iid=1967b910-af86-4730-8d00-b147188281dc.MOBGX2F3V52SBYMZ.SEARCH&ppt=sp&ppn=sp&ssid=v8sniqbaz40000001723042425227&qH=e9ac4d84cd2eb9ab
-----------------------------
Name: SAMSUNG Galaxy S24+ 5G (Cobalt Violet, 512 GB)
Price: ₹98,499
Link: https://www.flipkart.com/samsung-galaxy-s24-5g-cobalt-violet-512-gb/p/itmdbe5ac49590db?pid=MOBGX2F3SN4R8GHF&lid=LSTMOBGX2F3SN4R8GHFUVLXKX&marketplace=FLIPKART&q=samsung+galaxy+s10+lite+mobile&store=tyy%2F4io&srno=s_1_7&otracker=AS_QueryStore_OrganicAutoSuggest_1_18_na_na_na&otracker1=AS_QueryStore_OrganicAutoSuggest_1_18_na_na_na&fm=search-autosuggest&iid=ae3fe0a7-2a2f-4d15-95a4-dcf6759ae77b.MOBGX2F3SN4R8GHF.SEARCH&ppt=sp&ppn=sp&ssid=cqb35bbqsw0000001723042426187&qH=1284a3c29a2ae1f4
-----------------------------
Name: SAMSUNG Galaxy S24+ 5G (Cobalt Violet, 256 GB)
Price: ₹88,999
Link: https://www.flipkart.com/samsung-galaxy-s24-5g-cobalt-violet-256-gb/p/itm46fc37ddc7255?pid=MOBGX2F3GDX7QYFT&lid=LSTMOBGX2F3GDX7QYFTDDMJ7Z&marketplace=FLIPKART&q=samsung+galaxy+s10+lite+mobile&store=tyy%2F4io&srno=s_1_11&otracker=AS_QueryStore_OrganicAutoSuggest_1_18_na_na_na&otracker1=AS_QueryStore_OrganicAutoSuggest_1_18_na_na_na&fm=search-autosuggest&iid=c5a94e27-ed30-4c21-9f9b-9a05b43b0667.MOBGX2F3GDX7QYFT.SEARCH&ppt=sp&ppn=sp&ssid=6efptd02og0000001723042421327&qH=1284a3c29a2ae1f4
-----------------------------
Name: SAMSUNG Galaxy S24 5G (Onyx Black, 512 GB)
Price: ₹84,499
Link: https://www.flipkart.com/samsung-galaxy-s24-5g-onyx-black-512-gb/p/itm210a5a47ed251?pid=MOBGX2F3FEUH6PKS&lid=LSTMOBGX2F3FEUH6PKSNYKMCU&marketplace=FLIPKART&q=samsung+galaxy+s10+lite+price&store=tyy%2F4io&srno=s_1_9&otracker=AS_QueryStore_OrganicAutoSuggest_2_18_na_na_na&otracker1=AS_QueryStore_OrganicAutoSuggest_2_18_na_na_na&fm=search-autosuggest&iid=1967b910-af86-4730-8d00-b147188281dc.MOBGX2F3FEUH6PKS.SEARCH&ppt=sp&ppn=sp&ssid=v8sniqbaz40000001723042425227&qH=e9ac4d84cd2eb9ab
-----------------------------
Name: SAMSUNG Galaxy S23 Plus 5G (Cream, 512 GB)
Price: ₹94,000
Link: https://www.flipkart.com/samsung-galaxy-s23-plus-5g-cream-512-gb/p/itm1f3bef850ef01?pid=MOBGMFFXHKGEXXGZ&lid=LSTMOBGMFFXHKGEXXGZCN8Z4O&marketplace=FLIPKART&q=samsung+galaxy+s10+lite+mobile&store=tyy%2F4io&srno=s_1_8&otracker=AS_QueryStore_OrganicAutoSuggest_1_18_na_na_na&otracker1=AS_QueryStore_OrganicAutoSuggest_1_18_na_na_na&fm=search-autosuggest&iid=ae3fe0a7-2a2f-4d15-95a4-dcf6759ae77b.MOBGMFFXHKGEXXGZ.SEARCH&ppt=sp&ppn=sp&ssid=cqb35bbqsw0000001723042426187&qH=1284a3c29a2ae1f4
-----------------------------
Name: SAMSUNG Galaxy S22 Plus 5G (Green, 256 GB)
Price: ₹88,999
Link: https://www.flipkart.com/samsung-galaxy-s22-plus-5g-green-256-gb/p/itmc442739abe1a1?pid=MOBGGG2YGHC42XMF&lid=LSTMOBGGG2YGHC42XMFCUR4NX&marketplace=FLIPKART&q=samsung+galaxy+s10+lite+mobile&store=tyy%2F4io&srno=s_1_12&otracker=AS_QueryStore_OrganicAutoSuggest_1_18_na_na_na&otracker1=AS_QueryStore_OrganicAutoSuggest_1_18_na_na_na&fm=search-autosuggest&iid=c5a94e27-ed30-4c21-9f9b-9a05b43b0667.MOBGGG2YGHC42XMF.SEARCH&ppt=sp&ppn=sp&ssid=6efptd02og0000001723042421327&qH=1284a3c29a2ae1f4
-----------------------------
Name: SAMSUNG Galaxy S24 5G (Amber Yellow, 512 GB)
Price: ₹84,499
Link: https://www.flipkart.com/samsung-galaxy-s24-5g-amber-yellow-512-gb/p/itm6225fa9b0990b?pid=MOBGX2F3VFMYCHCX&lid=LSTMOBGX2F3VFMYCHCXJQ83UW&marketplace=FLIPKART&q=samsung+galaxy+s10+lite+price&store=tyy%2F4io&srno=s_1_10&otracker=AS_QueryStore_OrganicAutoSuggest_2_18_na_na_na&otracker1=AS_QueryStore_OrganicAutoSuggest_2_18_na_na_na&fm=search-autosuggest&iid=1967b910-af86-4730-8d00-b147188281dc.MOBGX2F3VFMYCHCX.SEARCH&ppt=sp&ppn=sp&ssid=v8sniqbaz40000001723042425227&qH=e9ac4d84cd2eb9ab
-----------------------------
Second try in catch
Name: SAMSUNG Galaxy S23 Ultra 5G (Green, 256 GB)
Price: ₹89,999
Link: https://www.flipkart.com/samsung-galaxy-s23-ultra-5g-green-256-gb/p/itm77dc35f7779a4?pid=MOBGMFFX32WUYXUJ&lid=LSTMOBGMFFX32WUYXUJEUVNIW&marketplace=FLIPKART&q=samsung+galaxy+s10+lite+mobile&store=tyy%2F4io&srno=s_1_9&otracker=AS_QueryStore_OrganicAutoSuggest_1_18_na_na_na&otracker1=AS_QueryStore_OrganicAutoSuggest_1_18_na_na_na&fm=search-autosuggest&iid=ae3fe0a7-2a2f-4d15-95a4-dcf6759ae77b.MOBGMFFX32WUYXUJ.SEARCH&ppt=sp&ppn=sp&ssid=cqb35bbqsw0000001723042426187&qH=1284a3c29a2ae1f4
-----------------------------
Name: SAMSUNG Galaxy S24 5G (Cobalt Violet, 512 GB)
Price: ₹84,499
Link: https://www.flipkart.com/samsung-galaxy-s24-5g-cobalt-violet-512-gb/p/itm0d5ed926087c7?pid=MOBGX2F3V52SBYMZ&lid=LSTMOBGX2F3V52SBYMZKEWTB0&marketplace=FLIPKART&q=samsung+galaxy+s10+lite+mobile&store=tyy%2F4io&srno=s_1_13&otracker=AS_QueryStore_OrganicAutoSuggest_1_18_na_na_na&otracker1=AS_QueryStore_OrganicAutoSuggest_1_18_na_na_na&fm=search-autosuggest&iid=c5a94e27-ed30-4c21-9f9b-9a05b43b0667.MOBGX2F3V52SBYMZ.SEARCH&ppt=sp&ppn=sp&ssid=6efptd02og0000001723042421327&qH=1284a3c29a2ae1f4
-----------------------------
Name: SAMSUNG Galaxy S24 5G (Amber Yellow, 256 GB)
Price: ₹74,999
Link: https://www.flipkart.com/samsung-galaxy-s24-5g-amber-yellow-256-gb/p/itmebc700bb8d159?pid=MOBGX2F3TYAVSQJC&lid=LSTMOBGX2F3TYAVSQJCZEHPSQ&marketplace=FLIPKART&q=samsung+galaxy+s10+lite+price&store=tyy%2F4io&srno=s_1_11&otracker=AS_QueryStore_OrganicAutoSuggest_2_18_na_na_na&otracker1=AS_QueryStore_OrganicAutoSuggest_2_18_na_na_na&fm=search-autosuggest&iid=1967b910-af86-4730-8d00-b147188281dc.MOBGX2F3TYAVSQJC.SEARCH&ppt=sp&ppn=sp&ssid=v8sniqbaz40000001723042425227&qH=e9ac4d84cd2eb9ab
-----------------------------
Name: SAMSUNG Galaxy S23 Ultra 5G (Cream, 256 GB)
Price: ₹89,999
Link: https://www.flipkart.com/samsung-galaxy-s23-ultra-5g-cream-256-gb/p/itm322ed1a040dec?pid=MOBGMFFX44FGHNHV&lid=LSTMOBGMFFX44FGHNHVKDIBNL&marketplace=FLIPKART&q=samsung+galaxy+s10+lite+mobile&store=tyy%2F4io&srno=s_1_10&otracker=AS_QueryStore_OrganicAutoSuggest_1_18_na_na_na&otracker1=AS_QueryStore_OrganicAutoSuggest_1_18_na_na_na&fm=search-autosuggest&iid=ae3fe0a7-2a2f-4d15-95a4-dcf6759ae77b.MOBGMFFX44FGHNHV.SEARCH&ppt=sp&ppn=sp&ssid=cqb35bbqsw0000001723042426187&qH=1284a3c29a2ae1f4
-----------------------------
Name: SAMSUNG Galaxy S24 5G (Onyx Black, 512 GB)
Price: ₹84,499
Link: https://www.flipkart.com/samsung-galaxy-s24-5g-onyx-black-512-gb/p/itm210a5a47ed251?pid=MOBGX2F3FEUH6PKS&lid=LSTMOBGX2F3FEUH6PKSNYKMCU&marketplace=FLIPKART&q=samsung+galaxy+s10+lite+mobile&store=tyy%2F4io&srno=s_1_14&otracker=AS_QueryStore_OrganicAutoSuggest_1_18_na_na_na&otracker1=AS_QueryStore_OrganicAutoSuggest_1_18_na_na_na&fm=search-autosuggest&iid=c5a94e27-ed30-4c21-9f9b-9a05b43b0667.MOBGX2F3FEUH6PKS.SEARCH&ppt=sp&ppn=sp&ssid=6efptd02og0000001723042421327&qH=1284a3c29a2ae1f4
-----------------------------
Name: SAMSUNG Galaxy S24 5G (Cobalt Violet, 256 GB)
Price: ₹74,999
Link: https://www.flipkart.com/samsung-galaxy-s24-5g-cobalt-violet-256-gb/p/itme4c78903b0c9f?pid=MOBGX2F3GNSJZ23R&lid=LSTMOBGX2F3GNSJZ23REJ6ZQ8&marketplace=FLIPKART&q=samsung+galaxy+s10+lite+price&store=tyy%2F4io&srno=s_1_12&otracker=AS_QueryStore_OrganicAutoSuggest_2_18_na_na_na&otracker1=AS_QueryStore_OrganicAutoSuggest_2_18_na_na_na&fm=search-autosuggest&iid=1967b910-af86-4730-8d00-b147188281dc.MOBGX2F3GNSJZ23R.SEARCH&ppt=sp&ppn=sp&ssid=v8sniqbaz40000001723042425227&qH=e9ac4d84cd2eb9ab
-----------------------------
]]></system-out>
    <system-err><![CDATA[Aug 07, 2024 8:22:43 PM org.openqa.selenium.remote.tracing.opentelemetry.OpenTelemetryTracer createTracer
INFO: Using OpenTelemetry for tracing
SLF4J(W): No SLF4J providers were found.
SLF4J(W): Defaulting to no-operation (NOP) logger implementation
SLF4J(W): See https://www.slf4j.org/codes.html#noProviders for further details.
Aug 07, 2024 8:23:14 PM org.openqa.selenium.remote.ProtocolHandshake createSession
INFO: Detected dialect: W3C
Aug 07, 2024 8:23:14 PM org.openqa.selenium.remote.ProtocolHandshake createSession
INFO: Detected dialect: W3C
Aug 07, 2024 8:23:15 PM org.openqa.selenium.remote.ProtocolHandshake createSession
INFO: Detected dialect: W3C
Aug 07, 2024 8:23:16 PM org.openqa.selenium.remote.ProtocolHandshake createSession
INFO: Detected dialect: W3C
Aug 07, 2024 8:23:17 PM org.openqa.selenium.remote.ProtocolHandshake createSession
INFO: Detected dialect: W3C
org.openqa.selenium.TimeoutException: Expected condition failed: waiting for element to be clickable: Proxy element for: DefaultElementLocator 'By.xpath: //input[@title='Search for Products, Brands and More']' (tried for 10 second(s) with 500 milliseconds interval)
	at org.openqa.selenium.support.ui.WebDriverWait.timeoutException(WebDriverWait.java:87)
	at org.openqa.selenium.support.ui.FluentWait.until(FluentWait.java:231)
	at com.mystore.actiondriver.Action.findElementPresence(Action.java:707)
	at com.mystore.actiondriver.Action.fill(Action.java:120)
	at com.mystore.pageobjects.FlipkartHome.searchProduct(FlipkartHome.java:54)
	at com.mystore.testcases.FlipkartHomeTest.printProducts(FlipkartHomeTest.java:21)
	at java.base/jdk.internal.reflect.NativeMethodAccessorImpl.invoke0(Native Method)
	at java.base/jdk.internal.reflect.NativeMethodAccessorImpl.invoke(NativeMethodAccessorImpl.java:62)
	at java.base/jdk.internal.reflect.DelegatingMethodAccessorImpl.invoke(DelegatingMethodAccessorImpl.java:43)
	at java.base/java.lang.reflect.Method.invoke(Method.java:566)
	at org.testng.internal.MethodInvocationHelper.invokeMethod(MethodInvocationHelper.java:133)
	at org.testng.internal.TestInvoker.invokeMethod(TestInvoker.java:598)
	at org.testng.internal.TestInvoker.invokeTestMethod(TestInvoker.java:173)
	at org.testng.internal.MethodRunner.runInSequence(MethodRunner.java:46)
	at org.testng.internal.TestInvoker$MethodInvocationAgent.invoke(TestInvoker.java:824)
	at org.testng.internal.TestInvoker.invokeTestMethods(TestInvoker.java:146)
	at org.testng.internal.TestMethodWorker.invokeTestMethods(TestMethodWorker.java:146)
	at org.testng.internal.TestMethodWorker.run(TestMethodWorker.java:128)
	at java.base/java.util.ArrayList.forEach(ArrayList.java:1541)
	at org.testng.TestRunner.privateRun(TestRunner.java:794)
	at org.testng.TestRunner.run(TestRunner.java:596)
	at org.testng.SuiteRunner.runTest(SuiteRunner.java:377)
	at org.testng.SuiteRunner.access$000(SuiteRunner.java:28)
	at org.testng.SuiteRunner$SuiteWorker.run(SuiteRunner.java:418)
	at org.testng.internal.thread.ThreadUtil.lambda$execute$0(ThreadUtil.java:64)
	at java.base/java.util.concurrent.FutureTask.run(FutureTask.java:264)
	at java.base/java.util.concurrent.ThreadPoolExecutor.runWorker(ThreadPoolExecutor.java:1128)
	at java.base/java.util.concurrent.ThreadPoolExecutor$Worker.run(ThreadPoolExecutor.java:628)
	at java.base/java.lang.Thread.run(Thread.java:834)
Caused by: org.openqa.selenium.NoSuchElementException: no such element: Unable to locate element: {"method":"xpath","selector":"//input[@title='Search for Products, Brands and More']"}
  (Session info: chrome=126.0.6478.61)
For documentation on this error, please visit: https://selenium.dev/exceptions/#no_such_element
Build info: version: '4.1.4', revision: '535d840ee2'
System info: host: 'IBM-RAVISHRANA', ip: '192.168.29.167', os.name: 'Windows 11', os.arch: 'amd64', os.version: '10.0', java.version: '11.0.18'
Driver info: org.openqa.selenium.remote.RemoteWebDriver
Command: [54b0bd58-455a-4b37-bad0-04d83d8b3766, findElement {using=xpath, value=//input[@title='Search for Products, Brands and More']}]
Capabilities {acceptInsecureCerts: false, browserName: chrome, browserVersion: 126.0.6478.61, bstack:options: {accessKey: CAxyP14U99jJLtThkKMj, browser_version: latest, browserstack.selenium_version: 4.1.4, consoleLogs: info, os: Windows, os_version: 10, sessionName: Parallel Test - Browser : C..., username: ravishrana_5vWQ7y}, chrome: {chromedriverVersion: 126.0.6478.182 (5b5d8292ddf..., userDataDir: C:\Windows\SystemTemp\scope...}, fedcm:accounts: true, goog:chromeOptions: {debuggerAddress: localhost:49238}, goog:loggingPrefs: {browser: INFO}, javascriptEnabled: true, networkConnectionEnabled: false, pageLoadStrategy: normal, platform: WINDOWS, platformName: WINDOWS, proxy: Proxy(manual, socks=repeate..., se:bidiEnabled: false, se:cdp: ws://10.64.15.73:4444/sessi..., se:cdpVersion: 126.0.6478.61, setWindowRect: true, strictFileInteractability: false, timeouts: {implicit: 0, pageLoad: 300000, script: 30000}, unhandledPromptBehavior: dismiss and notify, webauthn:extension:credBlob: true, webauthn:extension:largeBlob: true, webauthn:extension:minPinLength: true, webauthn:extension:prf: true, webauthn:virtualAuthenticators: true}
Session ID: 54b0bd58-455a-4b37-bad0-04d83d8b3766
	at java.base/jdk.internal.reflect.NativeConstructorAccessorImpl.newInstance0(Native Method)
	at java.base/jdk.internal.reflect.NativeConstructorAccessorImpl.newInstance(NativeConstructorAccessorImpl.java:62)
	at java.base/jdk.internal.reflect.DelegatingConstructorAccessorImpl.newInstance(DelegatingConstructorAccessorImpl.java:45)
	at java.base/java.lang.reflect.Constructor.newInstance(Constructor.java:490)
	at org.openqa.selenium.remote.codec.w3c.W3CHttpResponseCodec.createException(W3CHttpResponseCodec.java:200)
	at org.openqa.selenium.remote.codec.w3c.W3CHttpResponseCodec.decode(W3CHttpResponseCodec.java:133)
	at org.openqa.selenium.remote.codec.w3c.W3CHttpResponseCodec.decode(W3CHttpResponseCodec.java:53)
	at org.openqa.selenium.remote.HttpCommandExecutor.execute(HttpCommandExecutor.java:184)
	at org.openqa.selenium.remote.TracedCommandExecutor.execute(TracedCommandExecutor.java:51)
	at org.openqa.selenium.remote.RemoteWebDriver.execute(RemoteWebDriver.java:567)
	at org.openqa.selenium.remote.ElementLocation$ElementFinder$2.findElement(ElementLocation.java:162)
	at org.openqa.selenium.remote.ElementLocation.findElement(ElementLocation.java:60)
	at org.openqa.selenium.remote.RemoteWebDriver.findElement(RemoteWebDriver.java:385)
	at org.openqa.selenium.remote.RemoteWebDriver.findElement(RemoteWebDriver.java:377)
	at org.openqa.selenium.support.pagefactory.DefaultElementLocator.findElement(DefaultElementLocator.java:70)
	at org.openqa.selenium.support.pagefactory.internal.LocatingElementHandler.invoke(LocatingElementHandler.java:39)
	at com.sun.proxy.$Proxy21.isDisplayed(Unknown Source)
	at org.openqa.selenium.support.ui.ExpectedConditions.elementIfVisible(ExpectedConditions.java:307)
	at org.openqa.selenium.support.ui.ExpectedConditions.access$000(ExpectedConditions.java:40)
	at org.openqa.selenium.support.ui.ExpectedConditions$10.apply(ExpectedConditions.java:293)
	at org.openqa.selenium.support.ui.ExpectedConditions$10.apply(ExpectedConditions.java:290)
	at org.openqa.selenium.support.ui.ExpectedConditions$23.apply(ExpectedConditions.java:660)
	at org.openqa.selenium.support.ui.ExpectedConditions$23.apply(ExpectedConditions.java:656)
	at org.openqa.selenium.support.ui.FluentWait.until(FluentWait.java:208)
	... 27 more
org.openqa.selenium.TimeoutException: Expected condition failed: waiting for element to be clickable: Proxy element for: DefaultElementLocator 'By.xpath: //input[@title='Search for Products, Brands and More']' (tried for 10 second(s) with 500 milliseconds interval)
	at org.openqa.selenium.support.ui.WebDriverWait.timeoutException(WebDriverWait.java:87)
	at org.openqa.selenium.support.ui.FluentWait.until(FluentWait.java:231)
	at com.mystore.actiondriver.Action.findElementPresence(Action.java:707)
	at com.mystore.actiondriver.Action.fill(Action.java:120)
	at com.mystore.pageobjects.FlipkartHome.searchProduct(FlipkartHome.java:54)
	at com.mystore.testcases.FlipkartHomeTest.printProducts(FlipkartHomeTest.java:21)
	at java.base/jdk.internal.reflect.NativeMethodAccessorImpl.invoke0(Native Method)
	at java.base/jdk.internal.reflect.NativeMethodAccessorImpl.invoke(NativeMethodAccessorImpl.java:62)
	at java.base/jdk.internal.reflect.DelegatingMethodAccessorImpl.invoke(DelegatingMethodAccessorImpl.java:43)
	at java.base/java.lang.reflect.Method.invoke(Method.java:566)
	at org.testng.internal.MethodInvocationHelper.invokeMethod(MethodInvocationHelper.java:133)
	at org.testng.internal.TestInvoker.invokeMethod(TestInvoker.java:598)
	at org.testng.internal.TestInvoker.invokeTestMethod(TestInvoker.java:173)
	at org.testng.internal.MethodRunner.runInSequence(MethodRunner.java:46)
	at org.testng.internal.TestInvoker$MethodInvocationAgent.invoke(TestInvoker.java:824)
	at org.testng.internal.TestInvoker.invokeTestMethods(TestInvoker.java:146)
	at org.testng.internal.TestMethodWorker.invokeTestMethods(TestMethodWorker.java:146)
	at org.testng.internal.TestMethodWorker.run(TestMethodWorker.java:128)
	at java.base/java.util.ArrayList.forEach(ArrayList.java:1541)
	at org.testng.TestRunner.privateRun(TestRunner.java:794)
	at org.testng.TestRunner.run(TestRunner.java:596)
	at org.testng.SuiteRunner.runTest(SuiteRunner.java:377)
	at org.testng.SuiteRunner.access$000(SuiteRunner.java:28)
	at org.testng.SuiteRunner$SuiteWorker.run(SuiteRunner.java:418)
	at org.testng.internal.thread.ThreadUtil.lambda$execute$0(ThreadUtil.java:64)
	at java.base/java.util.concurrent.FutureTask.run(FutureTask.java:264)
	at java.base/java.util.concurrent.ThreadPoolExecutor.runWorker(ThreadPoolExecutor.java:1128)
	at java.base/java.util.concurrent.ThreadPoolExecutor$Worker.run(ThreadPoolExecutor.java:628)
	at java.base/java.lang.Thread.run(Thread.java:834)
Caused by: org.openqa.selenium.NoSuchElementException: Unable to locate element: //input[@title='Search for Products, Brands and More']
For documentation on this error, please visit: https://selenium.dev/exceptions/#no_such_element
Build info: version: '4.1.4', revision: '535d840ee2'
System info: host: 'IBM-RAVISHRANA', ip: '192.168.29.167', os.name: 'Windows 11', os.arch: 'amd64', os.version: '10.0', java.version: '11.0.18'
Driver info: org.openqa.selenium.remote.RemoteWebDriver
Command: [e8ede3e9-489f-4c79-9031-0593588fd77d, findElement {using=xpath, value=//input[@title='Search for Products, Brands and More']}]
Capabilities {acceptInsecureCerts: true, browserName: firefox, browserVersion: 126.0, bstack:options: {accessKey: CAxyP14U99jJLtThkKMj, browser_version: latest, browserstack.selenium_version: 4.1.4, consoleLogs: info, os: Windows, os_version: 10, sessionName: Parallel Test - Browser : F..., username: ravishrana_5vWQ7y}, javascriptEnabled: true, moz:accessibilityChecks: false, moz:buildID: 20240509170740, moz:debuggerAddress: 127.0.0.1:17193, moz:firefoxOptions: {args: [--headless, --window-size=1920,1080], binary: C:\Program Files\Mozilla Fi..., prefs: {network.proxy.http: , network.proxy.http_port: 0, network.proxy.socks_remote_dns: true, network.proxy.ssl: , network.proxy.ssl_port: 0, network.proxy.type: 1}}, moz:geckodriverVersion: 0.35.0, moz:headless: true, moz:platformVersion: 10.0, moz:processID: 14316, moz:profile: C:\Users\ContainerAdministr..., moz:shutdownTimeout: 60000, moz:webdriverClick: true, moz:windowless: false, pageLoadStrategy: normal, platform: WINDOWS, platformName: WINDOWS, proxy: Proxy(manual, socks=repeate..., se:bidiEnabled: false, se:cdp: ws://10.64.8.249:4444/sessi..., se:cdpVersion: 85.0, setWindowRect: true, strictFileInteractability: false, timeouts: {implicit: 0, pageLoad: 300000, script: 30000}, unhandledPromptBehavior: dismiss and notify, userAgent: Mozilla/5.0 (Windows NT 10....}
Session ID: e8ede3e9-489f-4c79-9031-0593588fd77d
	at java.base/jdk.internal.reflect.NativeConstructorAccessorImpl.newInstance0(Native Method)
	at java.base/jdk.internal.reflect.NativeConstructorAccessorImpl.newInstance(NativeConstructorAccessorImpl.java:62)
	at java.base/jdk.internal.reflect.DelegatingConstructorAccessorImpl.newInstance(DelegatingConstructorAccessorImpl.java:45)
	at java.base/java.lang.reflect.Constructor.newInstance(Constructor.java:490)
	at org.openqa.selenium.remote.codec.w3c.W3CHttpResponseCodec.createException(W3CHttpResponseCodec.java:200)
	at org.openqa.selenium.remote.codec.w3c.W3CHttpResponseCodec.decode(W3CHttpResponseCodec.java:133)
	at org.openqa.selenium.remote.codec.w3c.W3CHttpResponseCodec.decode(W3CHttpResponseCodec.java:53)
	at org.openqa.selenium.remote.HttpCommandExecutor.execute(HttpCommandExecutor.java:184)
	at org.openqa.selenium.remote.TracedCommandExecutor.execute(TracedCommandExecutor.java:51)
	at org.openqa.selenium.remote.RemoteWebDriver.execute(RemoteWebDriver.java:567)
	at org.openqa.selenium.remote.ElementLocation$ElementFinder$2.findElement(ElementLocation.java:162)
	at org.openqa.selenium.remote.ElementLocation.findElement(ElementLocation.java:60)
	at org.openqa.selenium.remote.RemoteWebDriver.findElement(RemoteWebDriver.java:385)
	at org.openqa.selenium.remote.RemoteWebDriver.findElement(RemoteWebDriver.java:377)
	at org.openqa.selenium.support.pagefactory.DefaultElementLocator.findElement(DefaultElementLocator.java:70)
	at org.openqa.selenium.support.pagefactory.internal.LocatingElementHandler.invoke(LocatingElementHandler.java:39)
	at com.sun.proxy.$Proxy21.isDisplayed(Unknown Source)
	at org.openqa.selenium.support.ui.ExpectedConditions.elementIfVisible(ExpectedConditions.java:307)
	at org.openqa.selenium.support.ui.ExpectedConditions.access$000(ExpectedConditions.java:40)
	at org.openqa.selenium.support.ui.ExpectedConditions$10.apply(ExpectedConditions.java:293)
	at org.openqa.selenium.support.ui.ExpectedConditions$10.apply(ExpectedConditions.java:290)
	at org.openqa.selenium.support.ui.ExpectedConditions$23.apply(ExpectedConditions.java:660)
	at org.openqa.selenium.support.ui.ExpectedConditions$23.apply(ExpectedConditions.java:656)
	at org.openqa.selenium.support.ui.FluentWait.until(FluentWait.java:208)
	... 27 more
]]></system-err>
  </testcase>
  <testcase name="printProducts" classname="com.mystore.testcases.FlipkartHomeTest" time="59.135">
    <failure message="Unable to locate element: //*[text()=&apos;in Mobiles&apos;]//ancestor::a[contains(@href,&apos;samsung+galaxy+s10&apos;)]&#10;For documentation on this error, please visit: https://selenium.dev/exceptions/#no_such_element&#10;Build info: version: &apos;4.1.4&apos;, revision: &apos;535d840ee2&apos;&#10;System info: host: &apos;IBM-RAVISHRANA&apos;, ip: &apos;192.168.29.167&apos;, os.name: &apos;Windows 11&apos;, os.arch: &apos;amd64&apos;, os.version: &apos;10.0&apos;, java.version: &apos;11.0.18&apos;&#10;Driver info: org.openqa.selenium.remote.RemoteWebDriver&#10;Command: [e8ede3e9-489f-4c79-9031-0593588fd77d, findElement {using=xpath, value=//*[text()=&apos;in Mobiles&apos;]//ancestor::a[contains(@href,&apos;samsung+galaxy+s10&apos;)]}]&#10;Capabilities {acceptInsecureCerts: true, browserName: firefox, browserVersion: 126.0, bstack:options: {accessKey: CAxyP14U99jJLtThkKMj, browser_version: latest, browserstack.selenium_version: 4.1.4, consoleLogs: info, os: Windows, os_version: 10, sessionName: Parallel Test - Browser : F..., username: ravishrana_5vWQ7y}, javascriptEnabled: true, moz:accessibilityChecks: false, moz:buildID: 20240509170740, moz:debuggerAddress: 127.0.0.1:17193, moz:firefoxOptions: {args: [--headless, --window-size=1920,1080], binary: C:\Program Files\Mozilla Fi..., prefs: {network.proxy.http: , network.proxy.http_port: 0, network.proxy.socks_remote_dns: true, network.proxy.ssl: , network.proxy.ssl_port: 0, network.proxy.type: 1}}, moz:geckodriverVersion: 0.35.0, moz:headless: true, moz:platformVersion: 10.0, moz:processID: 14316, moz:profile: C:\Users\ContainerAdministr..., moz:shutdownTimeout: 60000, moz:webdriverClick: true, moz:windowless: false, pageLoadStrategy: normal, platform: WINDOWS, platformName: WINDOWS, proxy: Proxy(manual, socks=repeate..., se:bidiEnabled: false, se:cdp: ws://10.64.8.249:4444/sessi..., se:cdpVersion: 85.0, setWindowRect: true, strictFileInteractability: false, timeouts: {implicit: 0, pageLoad: 300000, script: 30000}, unhandledPromptBehavior: dismiss and notify, userAgent: Mozilla/5.0 (Windows NT 10....}&#10;Session ID: e8ede3e9-489f-4c79-9031-0593588fd77d" type="org.openqa.selenium.NoSuchElementException"><![CDATA[org.openqa.selenium.NoSuchElementException: 
Unable to locate element: //*[text()='in Mobiles']//ancestor::a[contains(@href,'samsung+galaxy+s10')]
For documentation on this error, please visit: https://selenium.dev/exceptions/#no_such_element
Build info: version: '4.1.4', revision: '535d840ee2'
System info: host: 'IBM-RAVISHRANA', ip: '192.168.29.167', os.name: 'Windows 11', os.arch: 'amd64', os.version: '10.0', java.version: '11.0.18'
Driver info: org.openqa.selenium.remote.RemoteWebDriver
Command: [e8ede3e9-489f-4c79-9031-0593588fd77d, findElement {using=xpath, value=//*[text()='in Mobiles']//ancestor::a[contains(@href,'samsung+galaxy+s10')]}]
Capabilities {acceptInsecureCerts: true, browserName: firefox, browserVersion: 126.0, bstack:options: {accessKey: CAxyP14U99jJLtThkKMj, browser_version: latest, browserstack.selenium_version: 4.1.4, consoleLogs: info, os: Windows, os_version: 10, sessionName: Parallel Test - Browser : F..., username: ravishrana_5vWQ7y}, javascriptEnabled: true, moz:accessibilityChecks: false, moz:buildID: 20240509170740, moz:debuggerAddress: 127.0.0.1:17193, moz:firefoxOptions: {args: [--headless, --window-size=1920,1080], binary: C:\Program Files\Mozilla Fi..., prefs: {network.proxy.http: , network.proxy.http_port: 0, network.proxy.socks_remote_dns: true, network.proxy.ssl: , network.proxy.ssl_port: 0, network.proxy.type: 1}}, moz:geckodriverVersion: 0.35.0, moz:headless: true, moz:platformVersion: 10.0, moz:processID: 14316, moz:profile: C:\Users\ContainerAdministr..., moz:shutdownTimeout: 60000, moz:webdriverClick: true, moz:windowless: false, pageLoadStrategy: normal, platform: WINDOWS, platformName: WINDOWS, proxy: Proxy(manual, socks=repeate..., se:bidiEnabled: false, se:cdp: ws://10.64.8.249:4444/sessi..., se:cdpVersion: 85.0, setWindowRect: true, strictFileInteractability: false, timeouts: {implicit: 0, pageLoad: 300000, script: 30000}, unhandledPromptBehavior: dismiss and notify, userAgent: Mozilla/5.0 (Windows NT 10....}
Session ID: e8ede3e9-489f-4c79-9031-0593588fd77d
	at com.mystore.testcases.FlipkartHomeTest.printProducts(FlipkartHomeTest.java:21)
]]></failure>
    <system-out><![CDATA[Driver process found to close
Name: SAMSUNG Galaxy S24 5G (Amber Yellow, 512 GB)
Price: ₹84,499
Link: https://www.flipkart.com/samsung-galaxy-s24-5g-amber-yellow-512-gb/p/itm6225fa9b0990b?pid=MOBGX2F3VFMYCHCX&lid=LSTMOBGX2F3VFMYCHCXJQ83UW&marketplace=FLIPKART&q=samsung+galaxy+s10+lite+mobile&store=tyy%2F4io&srno=s_1_15&otracker=AS_QueryStore_OrganicAutoSuggest_1_18_na_na_na&otracker1=AS_QueryStore_OrganicAutoSuggest_1_18_na_na_na&fm=search-autosuggest&iid=c5a94e27-ed30-4c21-9f9b-9a05b43b0667.MOBGX2F3VFMYCHCX.SEARCH&ppt=sp&ppn=sp&ssid=6efptd02og0000001723042421327&qH=1284a3c29a2ae1f4
-----------------------------
Name: SAMSUNG Galaxy S22 Plus 5G (Green, 256 GB)
Price: ₹88,999
Link: https://www.flipkart.com/samsung-galaxy-s22-plus-5g-green-256-gb/p/itmc442739abe1a1?pid=MOBGGG2YGHC42XMF&lid=LSTMOBGGG2YGHC42XMFCUR4NX&marketplace=FLIPKART&q=samsung+galaxy+s10+lite+mobile&store=tyy%2F4io&srno=s_1_11&otracker=AS_QueryStore_OrganicAutoSuggest_1_18_na_na_na&otracker1=AS_QueryStore_OrganicAutoSuggest_1_18_na_na_na&fm=search-autosuggest&iid=ae3fe0a7-2a2f-4d15-95a4-dcf6759ae77b.MOBGGG2YGHC42XMF.SEARCH&ppt=sp&ppn=sp&ssid=cqb35bbqsw0000001723042426187&qH=1284a3c29a2ae1f4
-----------------------------
Name: SAMSUNG Galaxy S24 5G (Onyx Black, 256 GB)
Price: ₹74,999
Link: https://www.flipkart.com/samsung-galaxy-s24-5g-onyx-black-256-gb/p/itm0456c01739016?pid=MOBGX2F3ZUBMWBGP&lid=LSTMOBGX2F3ZUBMWBGPME7BYW&marketplace=FLIPKART&q=samsung+galaxy+s10+lite+price&store=tyy%2F4io&srno=s_1_13&otracker=AS_QueryStore_OrganicAutoSuggest_2_18_na_na_na&otracker1=AS_QueryStore_OrganicAutoSuggest_2_18_na_na_na&fm=search-autosuggest&iid=1967b910-af86-4730-8d00-b147188281dc.MOBGX2F3ZUBMWBGP.SEARCH&ppt=sp&ppn=sp&ssid=v8sniqbaz40000001723042425227&qH=e9ac4d84cd2eb9ab
-----------------------------
Name: SAMSUNG Galaxy S24 5G (Amber Yellow, 256 GB)
Price: ₹74,999
Link: https://www.flipkart.com/samsung-galaxy-s24-5g-amber-yellow-256-gb/p/itmebc700bb8d159?pid=MOBGX2F3TYAVSQJC&lid=LSTMOBGX2F3TYAVSQJCZEHPSQ&marketplace=FLIPKART&q=samsung+galaxy+s10+lite+mobile&store=tyy%2F4io&srno=s_1_16&otracker=AS_QueryStore_OrganicAutoSuggest_1_18_na_na_na&otracker1=AS_QueryStore_OrganicAutoSuggest_1_18_na_na_na&fm=search-autosuggest&iid=c5a94e27-ed30-4c21-9f9b-9a05b43b0667.MOBGX2F3TYAVSQJC.SEARCH&ppt=sp&ppn=sp&ssid=6efptd02og0000001723042421327&qH=1284a3c29a2ae1f4
-----------------------------
Name: SAMSUNG Galaxy S24+ 5G (Onyx Black, 256 GB)
Price: ₹88,999
Link: https://www.flipkart.com/samsung-galaxy-s24-5g-onyx-black-256-gb/p/itm325da4a26d7bb?pid=MOBGX2F3HVJYNHUV&lid=LSTMOBGX2F3HVJYNHUVP4L3WU&marketplace=FLIPKART&q=samsung+galaxy+s10+lite+mobile&store=tyy%2F4io&srno=s_1_12&otracker=AS_QueryStore_OrganicAutoSuggest_1_18_na_na_na&otracker1=AS_QueryStore_OrganicAutoSuggest_1_18_na_na_na&fm=search-autosuggest&iid=ae3fe0a7-2a2f-4d15-95a4-dcf6759ae77b.MOBGX2F3HVJYNHUV.SEARCH&ppt=sp&ppn=sp&ssid=cqb35bbqsw0000001723042426187&qH=1284a3c29a2ae1f4
-----------------------------
Name: SAMSUNG Galaxy S24 5G (Amber Yellow, 128 GB)
Price: ₹69,999
Link: https://www.flipkart.com/samsung-galaxy-s24-5g-amber-yellow-128-gb/p/itmc7715e16403d1?pid=MOBHYJ6QMSGJG28G&lid=LSTMOBHYJ6QMSGJG28GKEE5UE&marketplace=FLIPKART&q=samsung+galaxy+s10+lite+price&store=tyy%2F4io&srno=s_1_14&otracker=AS_QueryStore_OrganicAutoSuggest_2_18_na_na_na&otracker1=AS_QueryStore_OrganicAutoSuggest_2_18_na_na_na&fm=search-autosuggest&iid=1967b910-af86-4730-8d00-b147188281dc.MOBHYJ6QMSGJG28G.SEARCH&ppt=sp&ppn=sp&ssid=v8sniqbaz40000001723042425227&qH=e9ac4d84cd2eb9ab
-----------------------------
]]></system-out>
    <system-err><![CDATA[log4j:WARN No appenders could be found for logger (freemarker.cache).
log4j:WARN Please initialize the log4j system properly.
log4j:WARN See http://logging.apache.org/log4j/1.2/faq.html#noconfig for more info.
]]></system-err>
  </testcase>
  <testcase name="printProducts" classname="com.mystore.testcases.FlipkartHomeTest" time="69.248">
    <system-out><![CDATA[Driver process found to close
Name: SAMSUNG Galaxy S24 5G (Cobalt Violet, 256 GB)
Price: ₹74,999
Link: https://www.flipkart.com/samsung-galaxy-s24-5g-cobalt-violet-256-gb/p/itme4c78903b0c9f?pid=MOBGX2F3GNSJZ23R&lid=LSTMOBGX2F3GNSJZ23REJ6ZQ8&marketplace=FLIPKART&q=samsung+galaxy+s10+lite+mobile&store=tyy%2F4io&srno=s_1_17&otracker=AS_QueryStore_OrganicAutoSuggest_1_18_na_na_na&otracker1=AS_QueryStore_OrganicAutoSuggest_1_18_na_na_na&fm=search-autosuggest&iid=c5a94e27-ed30-4c21-9f9b-9a05b43b0667.MOBGX2F3GNSJZ23R.SEARCH&ppt=sp&ppn=sp&ssid=6efptd02og0000001723042421327&qH=1284a3c29a2ae1f4
-----------------------------
Name: SAMSUNG Galaxy S24+ 5G (Cobalt Violet, 256 GB)
Price: ₹88,999
Link: https://www.flipkart.com/samsung-galaxy-s24-5g-cobalt-violet-256-gb/p/itm46fc37ddc7255?pid=MOBGX2F3GDX7QYFT&lid=LSTMOBGX2F3GDX7QYFTDDMJ7Z&marketplace=FLIPKART&q=samsung+galaxy+s10+lite+mobile&store=tyy%2F4io&srno=s_1_13&otracker=AS_QueryStore_OrganicAutoSuggest_1_18_na_na_na&otracker1=AS_QueryStore_OrganicAutoSuggest_1_18_na_na_na&fm=search-autosuggest&iid=ae3fe0a7-2a2f-4d15-95a4-dcf6759ae77b.MOBGX2F3GDX7QYFT.SEARCH&ppt=sp&ppn=sp&ssid=cqb35bbqsw0000001723042426187&qH=1284a3c29a2ae1f4
-----------------------------
Name: SAMSUNG Galaxy S24 5G (Cobalt Violet, 128 GB)
Price: ₹69,999
Link: https://www.flipkart.com/samsung-galaxy-s24-5g-cobalt-violet-128-gb/p/itma2ec54ed01030?pid=MOBHYJ6Q3ZAFJTF7&lid=LSTMOBHYJ6Q3ZAFJTF7GUPLRR&marketplace=FLIPKART&q=samsung+galaxy+s10+lite+price&store=tyy%2F4io&srno=s_1_15&otracker=AS_QueryStore_OrganicAutoSuggest_2_18_na_na_na&otracker1=AS_QueryStore_OrganicAutoSuggest_2_18_na_na_na&fm=search-autosuggest&iid=1967b910-af86-4730-8d00-b147188281dc.MOBHYJ6Q3ZAFJTF7.SEARCH&ppt=sp&ppn=sp&ssid=v8sniqbaz40000001723042425227&qH=e9ac4d84cd2eb9ab
-----------------------------
Name: SAMSUNG Galaxy S24 5G (Onyx Black, 256 GB)
Price: ₹74,999
Link: https://www.flipkart.com/samsung-galaxy-s24-5g-onyx-black-256-gb/p/itm0456c01739016?pid=MOBGX2F3ZUBMWBGP&lid=LSTMOBGX2F3ZUBMWBGPME7BYW&marketplace=FLIPKART&q=samsung+galaxy+s10+lite+mobile&store=tyy%2F4io&srno=s_1_18&otracker=AS_QueryStore_OrganicAutoSuggest_1_18_na_na_na&otracker1=AS_QueryStore_OrganicAutoSuggest_1_18_na_na_na&fm=search-autosuggest&iid=c5a94e27-ed30-4c21-9f9b-9a05b43b0667.MOBGX2F3ZUBMWBGP.SEARCH&ppt=sp&ppn=sp&ssid=6efptd02og0000001723042421327&qH=1284a3c29a2ae1f4
-----------------------------
Name: SAMSUNG Galaxy S24 5G (Onyx Black, 512 GB)
Price: ₹84,499
Link: https://www.flipkart.com/samsung-galaxy-s24-5g-onyx-black-512-gb/p/itm210a5a47ed251?pid=MOBGX2F3FEUH6PKS&lid=LSTMOBGX2F3FEUH6PKSNYKMCU&marketplace=FLIPKART&q=samsung+galaxy+s10+lite+mobile&store=tyy%2F4io&srno=s_1_14&otracker=AS_QueryStore_OrganicAutoSuggest_1_18_na_na_na&otracker1=AS_QueryStore_OrganicAutoSuggest_1_18_na_na_na&fm=search-autosuggest&iid=ae3fe0a7-2a2f-4d15-95a4-dcf6759ae77b.MOBGX2F3FEUH6PKS.SEARCH&ppt=sp&ppn=sp&ssid=cqb35bbqsw0000001723042426187&qH=1284a3c29a2ae1f4
-----------------------------
Name: SAMSUNG Galaxy S22 Plus 5G (Phantom Black, 128 GB)
Price: ₹69,999
Link: https://www.flipkart.com/samsung-galaxy-s22-plus-5g-phantom-black-128-gb/p/itm7fd318a27dcd7?pid=MOBGGG2YUGAYANRQ&lid=LSTMOBGGG2YUGAYANRQQF31UI&marketplace=FLIPKART&q=samsung+galaxy+s10+lite+price&store=tyy%2F4io&srno=s_1_16&otracker=AS_QueryStore_OrganicAutoSuggest_2_18_na_na_na&otracker1=AS_QueryStore_OrganicAutoSuggest_2_18_na_na_na&fm=search-autosuggest&iid=1967b910-af86-4730-8d00-b147188281dc.MOBGGG2YUGAYANRQ.SEARCH&ppt=sp&ppn=sp&ssid=v8sniqbaz40000001723042425227&qH=e9ac4d84cd2eb9ab
-----------------------------
Name: SAMSUNG Galaxy S24 5G (Amber Yellow, 128 GB)
Price: ₹69,999
Link: https://www.flipkart.com/samsung-galaxy-s24-5g-amber-yellow-128-gb/p/itmc7715e16403d1?pid=MOBHYJ6QMSGJG28G&lid=LSTMOBHYJ6QMSGJG28GKEE5UE&marketplace=FLIPKART&q=samsung+galaxy+s10+lite+mobile&store=tyy%2F4io&srno=s_1_19&otracker=AS_QueryStore_OrganicAutoSuggest_1_18_na_na_na&otracker1=AS_QueryStore_OrganicAutoSuggest_1_18_na_na_na&fm=search-autosuggest&iid=c5a94e27-ed30-4c21-9f9b-9a05b43b0667.MOBHYJ6QMSGJG28G.SEARCH&ppt=sp&ppn=sp&ssid=6efptd02og0000001723042421327&qH=1284a3c29a2ae1f4
-----------------------------
Name: SAMSUNG Galaxy S24 5G (Amber Yellow, 512 GB)
Price: ₹84,499
Link: https://www.flipkart.com/samsung-galaxy-s24-5g-amber-yellow-512-gb/p/itm6225fa9b0990b?pid=MOBGX2F3VFMYCHCX&lid=LSTMOBGX2F3VFMYCHCXJQ83UW&marketplace=FLIPKART&q=samsung+galaxy+s10+lite+mobile&store=tyy%2F4io&srno=s_1_15&otracker=AS_QueryStore_OrganicAutoSuggest_1_18_na_na_na&otracker1=AS_QueryStore_OrganicAutoSuggest_1_18_na_na_na&fm=search-autosuggest&iid=ae3fe0a7-2a2f-4d15-95a4-dcf6759ae77b.MOBGX2F3VFMYCHCX.SEARCH&ppt=sp&ppn=sp&ssid=cqb35bbqsw0000001723042426187&qH=1284a3c29a2ae1f4
-----------------------------
Name: SAMSUNG Galaxy S24 5G (Marble Gray, 128 GB)
Price: ₹69,999
Link: https://www.flipkart.com/samsung-galaxy-s24-5g-marble-gray-128-gb/p/itmd5309d6e0a151?pid=MOBHYJ6QZP2UA4X9&lid=LSTMOBHYJ6QZP2UA4X9WSTBPZ&marketplace=FLIPKART&q=samsung+galaxy+s10+lite+price&store=tyy%2F4io&srno=s_1_17&otracker=AS_QueryStore_OrganicAutoSuggest_2_18_na_na_na&otracker1=AS_QueryStore_OrganicAutoSuggest_2_18_na_na_na&fm=search-autosuggest&iid=1967b910-af86-4730-8d00-b147188281dc.MOBHYJ6QZP2UA4X9.SEARCH&ppt=sp&ppn=sp&ssid=v8sniqbaz40000001723042425227&qH=e9ac4d84cd2eb9ab
-----------------------------
Name: SAMSUNG Galaxy S24 5G (Cobalt Violet, 512 GB)
Price: ₹84,499
Link: https://www.flipkart.com/samsung-galaxy-s24-5g-cobalt-violet-512-gb/p/itm0d5ed926087c7?pid=MOBGX2F3V52SBYMZ&lid=LSTMOBGX2F3V52SBYMZKEWTB0&marketplace=FLIPKART&q=samsung+galaxy+s10+lite+mobile&store=tyy%2F4io&srno=s_1_16&otracker=AS_QueryStore_OrganicAutoSuggest_1_18_na_na_na&otracker1=AS_QueryStore_OrganicAutoSuggest_1_18_na_na_na&fm=search-autosuggest&iid=ae3fe0a7-2a2f-4d15-95a4-dcf6759ae77b.MOBGX2F3V52SBYMZ.SEARCH&ppt=sp&ppn=sp&ssid=cqb35bbqsw0000001723042426187&qH=1284a3c29a2ae1f4
-----------------------------
Name: SAMSUNG Galaxy S24 5G (Cobalt Violet, 128 GB)
Price: ₹69,999
Link: https://www.flipkart.com/samsung-galaxy-s24-5g-cobalt-violet-128-gb/p/itma2ec54ed01030?pid=MOBHYJ6Q3ZAFJTF7&lid=LSTMOBHYJ6Q3ZAFJTF7GUPLRR&marketplace=FLIPKART&q=samsung+galaxy+s10+lite+mobile&store=tyy%2F4io&srno=s_1_20&otracker=AS_QueryStore_OrganicAutoSuggest_1_18_na_na_na&otracker1=AS_QueryStore_OrganicAutoSuggest_1_18_na_na_na&fm=search-autosuggest&iid=c5a94e27-ed30-4c21-9f9b-9a05b43b0667.MOBHYJ6Q3ZAFJTF7.SEARCH&ppt=sp&ppn=sp&ssid=6efptd02og0000001723042421327&qH=1284a3c29a2ae1f4
-----------------------------
Name: SAMSUNG Galaxy S22 Plus 5G (Green, 256 GB)
Price: ₹88,999
Link: https://www.flipkart.com/samsung-galaxy-s22-plus-5g-green-256-gb/p/itmc442739abe1a1?pid=MOBGGG2YGHC42XMF&lid=LSTMOBGGG2YGHC42XMFCUR4NX&marketplace=FLIPKART&q=samsung+galaxy+s10+lite+price&store=tyy%2F4io&srno=s_1_18&otracker=AS_QueryStore_OrganicAutoSuggest_2_18_na_na_na&otracker1=AS_QueryStore_OrganicAutoSuggest_2_18_na_na_na&fm=search-autosuggest&iid=1967b910-af86-4730-8d00-b147188281dc.MOBGGG2YGHC42XMF.SEARCH&ppt=sp&ppn=sp&ssid=v8sniqbaz40000001723042425227&qH=e9ac4d84cd2eb9ab
-----------------------------
Name: SAMSUNG Galaxy S22 Plus 5G (Phantom Black, 128 GB)
Price: ₹69,999
Link: https://www.flipkart.com/samsung-galaxy-s22-plus-5g-phantom-black-128-gb/p/itm7fd318a27dcd7?pid=MOBGGG2YUGAYANRQ&lid=LSTMOBGGG2YUGAYANRQQF31UI&marketplace=FLIPKART&q=samsung+galaxy+s10+lite+mobile&store=tyy%2F4io&srno=s_1_21&otracker=AS_QueryStore_OrganicAutoSuggest_1_18_na_na_na&otracker1=AS_QueryStore_OrganicAutoSuggest_1_18_na_na_na&fm=search-autosuggest&iid=c5a94e27-ed30-4c21-9f9b-9a05b43b0667.MOBGGG2YUGAYANRQ.SEARCH&ppt=sp&ppn=sp&ssid=6efptd02og0000001723042421327&qH=1284a3c29a2ae1f4
-----------------------------
Name: SAMSUNG Galaxy S24 5G (Amber Yellow, 256 GB)
Price: ₹74,999
Link: https://www.flipkart.com/samsung-galaxy-s24-5g-amber-yellow-256-gb/p/itmebc700bb8d159?pid=MOBGX2F3TYAVSQJC&lid=LSTMOBGX2F3TYAVSQJCZEHPSQ&marketplace=FLIPKART&q=samsung+galaxy+s10+lite+mobile&store=tyy%2F4io&srno=s_1_17&otracker=AS_QueryStore_OrganicAutoSuggest_1_18_na_na_na&otracker1=AS_QueryStore_OrganicAutoSuggest_1_18_na_na_na&fm=search-autosuggest&iid=ae3fe0a7-2a2f-4d15-95a4-dcf6759ae77b.MOBGX2F3TYAVSQJC.SEARCH&ppt=sp&ppn=sp&ssid=cqb35bbqsw0000001723042426187&qH=1284a3c29a2ae1f4
-----------------------------
Name: SAMSUNG Galaxy S7 (Gold Platinum, 32 GB)
Price: ₹46,000
Link: https://www.flipkart.com/samsung-galaxy-s7-gold-platinum-32-gb/p/itmeuyda4qgqetc6?pid=MOBEGFZPWJHYT7NX&lid=LSTMOBEGFZPWJHYT7NXKNHWSQ&marketplace=FLIPKART&q=samsung+galaxy+s10+lite+price&store=tyy%2F4io&srno=s_1_19&otracker=AS_QueryStore_OrganicAutoSuggest_2_18_na_na_na&otracker1=AS_QueryStore_OrganicAutoSuggest_2_18_na_na_na&fm=search-autosuggest&iid=1967b910-af86-4730-8d00-b147188281dc.MOBEGFZPWJHYT7NX.SEARCH&ppt=sp&ppn=sp&ssid=v8sniqbaz40000001723042425227&qH=e9ac4d84cd2eb9ab
-----------------------------
Name: SAMSUNG Galaxy S24 5G (Marble Gray, 128 GB)
Price: ₹69,999
Link: https://www.flipkart.com/samsung-galaxy-s24-5g-marble-gray-128-gb/p/itmd5309d6e0a151?pid=MOBHYJ6QZP2UA4X9&lid=LSTMOBHYJ6QZP2UA4X9WSTBPZ&marketplace=FLIPKART&q=samsung+galaxy+s10+lite+mobile&store=tyy%2F4io&srno=s_1_22&otracker=AS_QueryStore_OrganicAutoSuggest_1_18_na_na_na&otracker1=AS_QueryStore_OrganicAutoSuggest_1_18_na_na_na&fm=search-autosuggest&iid=c5a94e27-ed30-4c21-9f9b-9a05b43b0667.MOBHYJ6QZP2UA4X9.SEARCH&ppt=sp&ppn=sp&ssid=6efptd02og0000001723042421327&qH=1284a3c29a2ae1f4
-----------------------------
Name: SAMSUNG Galaxy S24 5G (Cobalt Violet, 256 GB)
Price: ₹74,999
Link: https://www.flipkart.com/samsung-galaxy-s24-5g-cobalt-violet-256-gb/p/itme4c78903b0c9f?pid=MOBGX2F3GNSJZ23R&lid=LSTMOBGX2F3GNSJZ23REJ6ZQ8&marketplace=FLIPKART&q=samsung+galaxy+s10+lite+mobile&store=tyy%2F4io&srno=s_1_18&otracker=AS_QueryStore_OrganicAutoSuggest_1_18_na_na_na&otracker1=AS_QueryStore_OrganicAutoSuggest_1_18_na_na_na&fm=search-autosuggest&iid=ae3fe0a7-2a2f-4d15-95a4-dcf6759ae77b.MOBGX2F3GNSJZ23R.SEARCH&ppt=sp&ppn=sp&ssid=cqb35bbqsw0000001723042426187&qH=1284a3c29a2ae1f4
-----------------------------
Name: SAMSUNG Galaxy S23 5G (Green, 128 GB)
Price: ₹44,999
Link: https://www.flipkart.com/samsung-galaxy-s23-5g-green-128-gb/p/itm7cdd081996dc8?pid=MOBGNPGYWGZAUZGK&lid=LSTMOBGNPGYWGZAUZGKLQSOT0&marketplace=FLIPKART&q=samsung+galaxy+s10+lite+price&store=tyy%2F4io&srno=s_1_20&otracker=AS_QueryStore_OrganicAutoSuggest_2_18_na_na_na&otracker1=AS_QueryStore_OrganicAutoSuggest_2_18_na_na_na&fm=search-autosuggest&iid=1967b910-af86-4730-8d00-b147188281dc.MOBGNPGYWGZAUZGK.SEARCH&ppt=sp&ppn=sp&ssid=v8sniqbaz40000001723042425227&qH=e9ac4d84cd2eb9ab
-----------------------------
Name: SAMSUNG Galaxy S23 5G (Phantom Black, 256 GB)
Price: ₹49,999
Link: https://www.flipkart.com/samsung-galaxy-s23-5g-phantom-black-256-gb/p/itm347e695feffe7?pid=MOBGMFFXPNSHBGRC&lid=LSTMOBGMFFXPNSHBGRCPG5BZP&marketplace=FLIPKART&q=samsung+galaxy+s10+lite+mobile&store=tyy%2F4io&srno=s_1_23&otracker=AS_QueryStore_OrganicAutoSuggest_1_18_na_na_na&otracker1=AS_QueryStore_OrganicAutoSuggest_1_18_na_na_na&fm=search-autosuggest&iid=c5a94e27-ed30-4c21-9f9b-9a05b43b0667.MOBGMFFXPNSHBGRC.SEARCH&ppt=sp&ppn=sp&ssid=6efptd02og0000001723042421327&qH=1284a3c29a2ae1f4
-----------------------------
Name: SAMSUNG Galaxy S24 5G (Onyx Black, 256 GB)
Price: ₹74,999
Link: https://www.flipkart.com/samsung-galaxy-s24-5g-onyx-black-256-gb/p/itm0456c01739016?pid=MOBGX2F3ZUBMWBGP&lid=LSTMOBGX2F3ZUBMWBGPME7BYW&marketplace=FLIPKART&q=samsung+galaxy+s10+lite+mobile&store=tyy%2F4io&srno=s_1_19&otracker=AS_QueryStore_OrganicAutoSuggest_1_18_na_na_na&otracker1=AS_QueryStore_OrganicAutoSuggest_1_18_na_na_na&fm=search-autosuggest&iid=ae3fe0a7-2a2f-4d15-95a4-dcf6759ae77b.MOBGX2F3ZUBMWBGP.SEARCH&ppt=sp&ppn=sp&ssid=cqb35bbqsw0000001723042426187&qH=1284a3c29a2ae1f4
-----------------------------
Name: SAMSUNG Galaxy S21 FE 5G (Lavender, 128 GB)
Price: ₹39,999
Link: https://www.flipkart.com/samsung-galaxy-s21-fe-5g-lavender-128-gb/p/itm3b094762fb621?pid=MOBGBNBDZJ5Q3RXK&lid=LSTMOBGBNBDZJ5Q3RXKUCNNBS&marketplace=FLIPKART&q=samsung+galaxy+s10+lite+price&store=tyy%2F4io&srno=s_1_21&otracker=AS_QueryStore_OrganicAutoSuggest_2_18_na_na_na&otracker1=AS_QueryStore_OrganicAutoSuggest_2_18_na_na_na&fm=search-autosuggest&iid=1967b910-af86-4730-8d00-b147188281dc.MOBGBNBDZJ5Q3RXK.SEARCH&ppt=sp&ppn=sp&ssid=v8sniqbaz40000001723042425227&qH=e9ac4d84cd2eb9ab
-----------------------------
Name: SAMSUNG Galaxy S24 5G (Amber Yellow, 128 GB)
Price: ₹69,999
Link: https://www.flipkart.com/samsung-galaxy-s24-5g-amber-yellow-128-gb/p/itmc7715e16403d1?pid=MOBHYJ6QMSGJG28G&lid=LSTMOBHYJ6QMSGJG28GKEE5UE&marketplace=FLIPKART&q=samsung+galaxy+s10+lite+mobile&store=tyy%2F4io&srno=s_1_20&otracker=AS_QueryStore_OrganicAutoSuggest_1_18_na_na_na&otracker1=AS_QueryStore_OrganicAutoSuggest_1_18_na_na_na&fm=search-autosuggest&iid=ae3fe0a7-2a2f-4d15-95a4-dcf6759ae77b.MOBHYJ6QMSGJG28G.SEARCH&ppt=sp&ppn=sp&ssid=cqb35bbqsw0000001723042426187&qH=1284a3c29a2ae1f4
-----------------------------
Name: SAMSUNG Galaxy S23 5G (Lavender, 256 GB)
Price: ₹49,999
Link: https://www.flipkart.com/samsung-galaxy-s23-5g-lavender-256-gb/p/itmfbae75e3840e1?pid=MOBGMFFXDQTGNWVK&lid=LSTMOBGMFFXDQTGNWVKWE3VH0&marketplace=FLIPKART&q=samsung+galaxy+s10+lite+mobile&store=tyy%2F4io&srno=s_1_24&otracker=AS_QueryStore_OrganicAutoSuggest_1_18_na_na_na&otracker1=AS_QueryStore_OrganicAutoSuggest_1_18_na_na_na&fm=search-autosuggest&iid=c5a94e27-ed30-4c21-9f9b-9a05b43b0667.MOBGMFFXDQTGNWVK.SEARCH&ppt=sp&ppn=sp&ssid=6efptd02og0000001723042421327&qH=1284a3c29a2ae1f4
-----------------------------
]]></system-out>
  </testcase>
  <testcase name="printProducts" classname="com.mystore.testcases.FlipkartHomeTest" time="72.281">
    <system-out><![CDATA[Driver process found to close
Name: SAMSUNG Galaxy S23 FE (Purple, 256 GB)
Price: ₹38,999
Link: https://www.flipkart.com/samsung-galaxy-s23-fe-purple-256-gb/p/itm8f6a49271bf21?pid=MOBGVTA2VGHCJFGG&lid=LSTMOBGVTA2VGHCJFGG1TC2LI&marketplace=FLIPKART&q=samsung+galaxy+s10+lite+price&store=tyy%2F4io&srno=s_1_22&otracker=AS_QueryStore_OrganicAutoSuggest_2_18_na_na_na&otracker1=AS_QueryStore_OrganicAutoSuggest_2_18_na_na_na&fm=search-autosuggest&iid=1967b910-af86-4730-8d00-b147188281dc.MOBGVTA2VGHCJFGG.SEARCH&ppt=sp&ppn=sp&ssid=v8sniqbaz40000001723042425227&qH=e9ac4d84cd2eb9ab
-----------------------------
Name: SAMSUNG Galaxy S24 5G (Cobalt Violet, 128 GB)
Price: ₹69,999
Link: https://www.flipkart.com/samsung-galaxy-s24-5g-cobalt-violet-128-gb/p/itma2ec54ed01030?pid=MOBHYJ6Q3ZAFJTF7&lid=LSTMOBHYJ6Q3ZAFJTF7GUPLRR&marketplace=FLIPKART&q=samsung+galaxy+s10+lite+mobile&store=tyy%2F4io&srno=s_1_21&otracker=AS_QueryStore_OrganicAutoSuggest_1_18_na_na_na&otracker1=AS_QueryStore_OrganicAutoSuggest_1_18_na_na_na&fm=search-autosuggest&iid=ae3fe0a7-2a2f-4d15-95a4-dcf6759ae77b.MOBHYJ6Q3ZAFJTF7.SEARCH&ppt=sp&ppn=sp&ssid=cqb35bbqsw0000001723042426187&qH=1284a3c29a2ae1f4
-----------------------------
Name: SAMSUNG Galaxy S23 FE (Graphite, 256 GB)
Price: ₹38,999
Link: https://www.flipkart.com/samsung-galaxy-s23-fe-graphite-256-gb/p/itm3dd39c0d1ec9c?pid=MOBGVTA2GWPSR57X&lid=LSTMOBGVTA2GWPSR57XIIBGXC&marketplace=FLIPKART&q=samsung+galaxy+s10+lite+price&store=tyy%2F4io&srno=s_1_23&otracker=AS_QueryStore_OrganicAutoSuggest_2_18_na_na_na&otracker1=AS_QueryStore_OrganicAutoSuggest_2_18_na_na_na&fm=search-autosuggest&iid=1967b910-af86-4730-8d00-b147188281dc.MOBGVTA2GWPSR57X.SEARCH&ppt=sp&ppn=sp&ssid=v8sniqbaz40000001723042425227&qH=e9ac4d84cd2eb9ab
-----------------------------
Name: SAMSUNG Galaxy S22 Plus 5G (Phantom Black, 128 GB)
Price: ₹69,999
Link: https://www.flipkart.com/samsung-galaxy-s22-plus-5g-phantom-black-128-gb/p/itm7fd318a27dcd7?pid=MOBGGG2YUGAYANRQ&lid=LSTMOBGGG2YUGAYANRQQF31UI&marketplace=FLIPKART&q=samsung+galaxy+s10+lite+mobile&store=tyy%2F4io&srno=s_1_22&otracker=AS_QueryStore_OrganicAutoSuggest_1_18_na_na_na&otracker1=AS_QueryStore_OrganicAutoSuggest_1_18_na_na_na&fm=search-autosuggest&iid=ae3fe0a7-2a2f-4d15-95a4-dcf6759ae77b.MOBGGG2YUGAYANRQ.SEARCH&ppt=sp&ppn=sp&ssid=cqb35bbqsw0000001723042426187&qH=1284a3c29a2ae1f4
-----------------------------
Name: SAMSUNG Galaxy S23 FE (Mint, 256 GB)
Price: ₹38,999
Link: https://www.flipkart.com/samsung-galaxy-s23-fe-mint-256-gb/p/itmdb72279972171?pid=MOBGVTA2R8ZH4G3C&lid=LSTMOBGVTA2R8ZH4G3C8XDOZH&marketplace=FLIPKART&q=samsung+galaxy+s10+lite+price&store=tyy%2F4io&srno=s_1_24&otracker=AS_QueryStore_OrganicAutoSuggest_2_18_na_na_na&otracker1=AS_QueryStore_OrganicAutoSuggest_2_18_na_na_na&fm=search-autosuggest&iid=1967b910-af86-4730-8d00-b147188281dc.MOBGVTA2R8ZH4G3C.SEARCH&ppt=sp&ppn=sp&ssid=v8sniqbaz40000001723042425227&qH=e9ac4d84cd2eb9ab
-----------------------------
]]></system-out>
  </testcase>
  <testcase name="printProducts" classname="com.mystore.testcases.FlipkartHomeTest" time="74.368">
    <system-out><![CDATA[Driver process found to close
Name: SAMSUNG Galaxy S24 5G (Marble Gray, 128 GB)
Price: ₹69,999
Link: https://www.flipkart.com/samsung-galaxy-s24-5g-marble-gray-128-gb/p/itmd5309d6e0a151?pid=MOBHYJ6QZP2UA4X9&lid=LSTMOBHYJ6QZP2UA4X9WSTBPZ&marketplace=FLIPKART&q=samsung+galaxy+s10+lite+mobile&store=tyy%2F4io&srno=s_1_23&otracker=AS_QueryStore_OrganicAutoSuggest_1_18_na_na_na&otracker1=AS_QueryStore_OrganicAutoSuggest_1_18_na_na_na&fm=search-autosuggest&iid=ae3fe0a7-2a2f-4d15-95a4-dcf6759ae77b.MOBHYJ6QZP2UA4X9.SEARCH&ppt=sp&ppn=sp&ssid=cqb35bbqsw0000001723042426187&qH=1284a3c29a2ae1f4
-----------------------------
Name: SAMSUNG Galaxy S23 5G (Phantom Black, 256 GB)
Price: ₹49,999
Link: https://www.flipkart.com/samsung-galaxy-s23-5g-phantom-black-256-gb/p/itm347e695feffe7?pid=MOBGMFFXPNSHBGRC&lid=LSTMOBGMFFXPNSHBGRCPG5BZP&marketplace=FLIPKART&q=samsung+galaxy+s10+lite+mobile&store=tyy%2F4io&srno=s_1_24&otracker=AS_QueryStore_OrganicAutoSuggest_1_18_na_na_na&otracker1=AS_QueryStore_OrganicAutoSuggest_1_18_na_na_na&fm=search-autosuggest&iid=ae3fe0a7-2a2f-4d15-95a4-dcf6759ae77b.MOBGMFFXPNSHBGRC.SEARCH&ppt=sp&ppn=sp&ssid=cqb35bbqsw0000001723042426187&qH=1284a3c29a2ae1f4
-----------------------------
]]></system-out>
  </testcase>
</testsuite>