-------------------------------------------------------------------------------
Test set: TestSuite
-------------------------------------------------------------------------------
Tests run: 3, Failures: 1, Errors: 0, Skipped: 0, Time elapsed: 36.145 s <<< FAILURE! - in TestSuite
com.mystore.testcases.LoginPageTest.f1  Time elapsed: 0.131 s  <<< FAILURE!
java.lang.NullPointerException: Cannot invoke "com.mystore.pageobjects.LoginPage.login(String, String)" because "this.loginPage" is null
	at com.mystore.testcases.LoginPageTest.f1(LoginPageTest.java:79)

