<?xml version="1.0" encoding="UTF-8"?>
<testng-results ignored="0" total="5" passed="5" failed="0" skipped="0">
  <reporter-output>
  </reporter-output>
  <suite started-at="2024-08-07T21:04:37 IST" name="Suite" finished-at="2024-08-07T21:06:38 IST" duration-ms="121252">
    <groups>
    </groups>
    <test started-at="2024-08-07T21:04:37 IST" name="FireFoxTest" finished-at="2024-08-07T21:06:29 IST" duration-ms="112368">
      <class name="com.mystore.testcases.FlipkartHomeTest">
        <test-method is-config="true" signature="loadConfig()[pri:0, instance:com.mystore.testcases.FlipkartHomeTest@3fffff43]" started-at="2024-08-07T21:04:37 IST" name="loadConfig" finished-at="2024-08-07T21:04:37 IST" duration-ms="7" status="PASS">
          <reporter-output>
          </reporter-output>
        </test-method> <!-- loadConfig -->
        <test-method is-config="true" signature="launchAppBrowserStack(java.lang.String,java.lang.String,java.lang.String,java.lang.String)[pri:0, instance:com.mystore.testcases.FlipkartHomeTest@3fffff43]" started-at="2024-08-07T21:04:37 IST" name="launchAppBrowserStack" finished-at="2024-08-07T21:05:32 IST" duration-ms="55161" status="PASS">
          <params>
            <param index="0">
              <value>
                <![CDATA[Windows]]>
              </value>
            </param>
            <param index="1">
              <value>
                <![CDATA[10]]>
              </value>
            </param>
            <param index="2">
              <value>
                <![CDATA[Firefox]]>
              </value>
            </param>
            <param index="3">
              <value>
                <![CDATA[latest]]>
              </value>
            </param>
          </params>
          <reporter-output>
          </reporter-output>
        </test-method> <!-- launchAppBrowserStack -->
        <test-method signature="printProducts()[pri:0, instance:com.mystore.testcases.FlipkartHomeTest@3fffff43]" started-at="2024-08-07T21:05:32 IST" name="printProducts" finished-at="2024-08-07T21:06:28 IST" duration-ms="55740" status="PASS">
          <reporter-output>
          </reporter-output>
        </test-method> <!-- printProducts -->
        <test-method is-config="true" signature="quitDriver()[pri:0, instance:com.mystore.testcases.FlipkartHomeTest@3fffff43]" started-at="2024-08-07T21:06:28 IST" name="quitDriver" finished-at="2024-08-07T21:06:29 IST" duration-ms="1233" status="PASS">
          <reporter-output>
          </reporter-output>
        </test-method> <!-- quitDriver -->
      </class> <!-- com.mystore.testcases.FlipkartHomeTest -->
    </test> <!-- FireFoxTest -->
    <test started-at="2024-08-07T21:04:37 IST" name="EdgeTest" finished-at="2024-08-07T21:06:34 IST" duration-ms="117389">
      <class name="com.mystore.testcases.FlipkartHomeTest">
        <test-method is-config="true" signature="loadConfig()[pri:0, instance:com.mystore.testcases.FlipkartHomeTest@7b324585]" started-at="2024-08-07T21:04:37 IST" name="loadConfig" finished-at="2024-08-07T21:04:37 IST" duration-ms="7" status="PASS">
          <reporter-output>
          </reporter-output>
        </test-method> <!-- loadConfig -->
        <test-method is-config="true" signature="launchAppBrowserStack(java.lang.String,java.lang.String,java.lang.String,java.lang.String)[pri:0, instance:com.mystore.testcases.FlipkartHomeTest@7b324585]" started-at="2024-08-07T21:04:37 IST" name="launchAppBrowserStack" finished-at="2024-08-07T21:05:20 IST" duration-ms="43197" status="PASS">
          <params>
            <param index="0">
              <value>
                <![CDATA[Windows]]>
              </value>
            </param>
            <param index="1">
              <value>
                <![CDATA[11]]>
              </value>
            </param>
            <param index="2">
              <value>
                <![CDATA[Edge]]>
              </value>
            </param>
            <param index="3">
              <value>
                <![CDATA[latest]]>
              </value>
            </param>
          </params>
          <reporter-output>
          </reporter-output>
        </test-method> <!-- launchAppBrowserStack -->
        <test-method signature="printProducts()[pri:0, instance:com.mystore.testcases.FlipkartHomeTest@7b324585]" started-at="2024-08-07T21:05:20 IST" name="printProducts" finished-at="2024-08-07T21:06:34 IST" duration-ms="73511" status="PASS">
          <reporter-output>
          </reporter-output>
        </test-method> <!-- printProducts -->
        <test-method is-config="true" signature="quitDriver()[pri:0, instance:com.mystore.testcases.FlipkartHomeTest@7b324585]" started-at="2024-08-07T21:06:34 IST" name="quitDriver" finished-at="2024-08-07T21:06:34 IST" duration-ms="434" status="PASS">
          <reporter-output>
          </reporter-output>
        </test-method> <!-- quitDriver -->
      </class> <!-- com.mystore.testcases.FlipkartHomeTest -->
    </test> <!-- EdgeTest -->
    <test started-at="2024-08-07T21:04:37 IST" name="ChromeTest" finished-at="2024-08-07T21:06:35 IST" duration-ms="118321">
      <class name="com.mystore.testcases.FlipkartHomeTest">
        <test-method is-config="true" signature="loadConfig()[pri:0, instance:com.mystore.testcases.FlipkartHomeTest@7c209437]" started-at="2024-08-07T21:04:37 IST" name="loadConfig" finished-at="2024-08-07T21:04:37 IST" duration-ms="7" status="PASS">
          <reporter-output>
          </reporter-output>
        </test-method> <!-- loadConfig -->
        <test-method is-config="true" signature="launchAppBrowserStack(java.lang.String,java.lang.String,java.lang.String,java.lang.String)[pri:0, instance:com.mystore.testcases.FlipkartHomeTest@7c209437]" started-at="2024-08-07T21:04:37 IST" name="launchAppBrowserStack" finished-at="2024-08-07T21:05:21 IST" duration-ms="43622" status="PASS">
          <params>
            <param index="0">
              <value>
                <![CDATA[Windows]]>
              </value>
            </param>
            <param index="1">
              <value>
                <![CDATA[10]]>
              </value>
            </param>
            <param index="2">
              <value>
                <![CDATA[Chrome]]>
              </value>
            </param>
            <param index="3">
              <value>
                <![CDATA[latest]]>
              </value>
            </param>
          </params>
          <reporter-output>
          </reporter-output>
        </test-method> <!-- launchAppBrowserStack -->
        <test-method signature="printProducts()[pri:0, instance:com.mystore.testcases.FlipkartHomeTest@7c209437]" started-at="2024-08-07T21:05:21 IST" name="printProducts" finished-at="2024-08-07T21:06:35 IST" duration-ms="73994" status="PASS">
          <reporter-output>
          </reporter-output>
        </test-method> <!-- printProducts -->
        <test-method is-config="true" signature="quitDriver()[pri:0, instance:com.mystore.testcases.FlipkartHomeTest@7c209437]" started-at="2024-08-07T21:06:35 IST" name="quitDriver" finished-at="2024-08-07T21:06:35 IST" duration-ms="471" status="PASS">
          <reporter-output>
          </reporter-output>
        </test-method> <!-- quitDriver -->
      </class> <!-- com.mystore.testcases.FlipkartHomeTest -->
    </test> <!-- ChromeTest -->
    <test started-at="2024-08-07T21:04:37 IST" name="MacChromeTest" finished-at="2024-08-07T21:06:37 IST" duration-ms="119756">
      <class name="com.mystore.testcases.FlipkartHomeTest">
        <test-method is-config="true" signature="loadConfig()[pri:0, instance:com.mystore.testcases.FlipkartHomeTest@502f1f4c]" started-at="2024-08-07T21:04:37 IST" name="loadConfig" finished-at="2024-08-07T21:04:37 IST" duration-ms="7" status="PASS">
          <reporter-output>
          </reporter-output>
        </test-method> <!-- loadConfig -->
        <test-method is-config="true" signature="launchAppBrowserStack(java.lang.String,java.lang.String,java.lang.String,java.lang.String)[pri:0, instance:com.mystore.testcases.FlipkartHomeTest@502f1f4c]" started-at="2024-08-07T21:04:37 IST" name="launchAppBrowserStack" finished-at="2024-08-07T21:05:21 IST" duration-ms="43628" status="PASS">
          <params>
            <param index="0">
              <value>
                <![CDATA[OS X]]>
              </value>
            </param>
            <param index="1">
              <value>
                <![CDATA[Ventura]]>
              </value>
            </param>
            <param index="2">
              <value>
                <![CDATA[Chrome]]>
              </value>
            </param>
            <param index="3">
              <value>
                <![CDATA[latest]]>
              </value>
            </param>
          </params>
          <reporter-output>
          </reporter-output>
        </test-method> <!-- launchAppBrowserStack -->
        <test-method signature="printProducts()[pri:0, instance:com.mystore.testcases.FlipkartHomeTest@502f1f4c]" started-at="2024-08-07T21:05:21 IST" name="printProducts" finished-at="2024-08-07T21:06:36 IST" duration-ms="75544" status="PASS">
          <reporter-output>
          </reporter-output>
        </test-method> <!-- printProducts -->
        <test-method is-config="true" signature="quitDriver()[pri:0, instance:com.mystore.testcases.FlipkartHomeTest@502f1f4c]" started-at="2024-08-07T21:06:36 IST" name="quitDriver" finished-at="2024-08-07T21:06:37 IST" duration-ms="350" status="PASS">
          <reporter-output>
          </reporter-output>
        </test-method> <!-- quitDriver -->
      </class> <!-- com.mystore.testcases.FlipkartHomeTest -->
    </test> <!-- MacChromeTest -->
    <test started-at="2024-08-07T21:04:37 IST" name="MacEdgeTest" finished-at="2024-08-07T21:06:38 IST" duration-ms="121252">
      <class name="com.mystore.testcases.FlipkartHomeTest">
        <test-method is-config="true" signature="loadConfig()[pri:0, instance:com.mystore.testcases.FlipkartHomeTest@fd8294b]" started-at="2024-08-07T21:04:37 IST" name="loadConfig" finished-at="2024-08-07T21:04:37 IST" duration-ms="7" status="PASS">
          <reporter-output>
          </reporter-output>
        </test-method> <!-- loadConfig -->
        <test-method is-config="true" signature="launchAppBrowserStack(java.lang.String,java.lang.String,java.lang.String,java.lang.String)[pri:0, instance:com.mystore.testcases.FlipkartHomeTest@fd8294b]" started-at="2024-08-07T21:04:37 IST" name="launchAppBrowserStack" finished-at="2024-08-07T21:05:22 IST" duration-ms="44537" status="PASS">
          <params>
            <param index="0">
              <value>
                <![CDATA[OS X]]>
              </value>
            </param>
            <param index="1">
              <value>
                <![CDATA[Sonoma]]>
              </value>
            </param>
            <param index="2">
              <value>
                <![CDATA[Edge]]>
              </value>
            </param>
            <param index="3">
              <value>
                <![CDATA[latest]]>
              </value>
            </param>
          </params>
          <reporter-output>
          </reporter-output>
        </test-method> <!-- launchAppBrowserStack -->
        <test-method signature="printProducts()[pri:0, instance:com.mystore.testcases.FlipkartHomeTest@fd8294b]" started-at="2024-08-07T21:05:22 IST" name="printProducts" finished-at="2024-08-07T21:06:38 IST" duration-ms="76146" status="PASS">
          <reporter-output>
          </reporter-output>
        </test-method> <!-- printProducts -->
        <test-method is-config="true" signature="quitDriver()[pri:0, instance:com.mystore.testcases.FlipkartHomeTest@fd8294b]" started-at="2024-08-07T21:06:38 IST" name="quitDriver" finished-at="2024-08-07T21:06:38 IST" duration-ms="334" status="PASS">
          <reporter-output>
          </reporter-output>
        </test-method> <!-- quitDriver -->
      </class> <!-- com.mystore.testcases.FlipkartHomeTest -->
    </test> <!-- MacEdgeTest -->
  </suite> <!-- Suite -->
</testng-results>
