<?xml version="1.0" encoding="UTF-8"?>
<testng-results ignored="0" total="2" passed="2" failed="0" skipped="0">
  <reporter-output>
  </reporter-output>
  <suite started-at="2024-08-06T02:47:11 IST" name="Suite" finished-at="2024-08-06T02:47:48 IST" duration-ms="37352">
    <groups>
    </groups>
    <test started-at="2024-08-06T02:47:11 IST" name="FireFoxTest" finished-at="2024-08-06T02:47:29 IST" duration-ms="17972">
      <class name="com.mystore.testcases.FlipkartHomeTest">
        <test-method is-config="true" signature="loadConfig()[pri:0, instance:com.mystore.testcases.FlipkartHomeTest@248e319b]" started-at="2024-08-06T02:47:11 IST" name="loadConfig" finished-at="2024-08-06T02:47:11 IST" duration-ms="7" status="PASS">
          <reporter-output>
          </reporter-output>
        </test-method> <!-- loadConfig -->
        <test-method is-config="true" signature="launchApp(java.lang.String)[pri:0, instance:com.mystore.testcases.FlipkartHomeTest@248e319b]" started-at="2024-08-06T02:47:11 IST" name="launchApp" finished-at="2024-08-06T02:47:17 IST" duration-ms="6544" status="PASS">
          <params>
            <param index="0">
              <value>
                <![CDATA[Firefox]]>
              </value>
            </param>
          </params>
          <reporter-output>
          </reporter-output>
        </test-method> <!-- launchApp -->
        <test-method signature="printProducts()[pri:0, instance:com.mystore.testcases.FlipkartHomeTest@248e319b]" started-at="2024-08-06T02:47:17 IST" name="printProducts" finished-at="2024-08-06T02:47:28 IST" duration-ms="10294" status="PASS">
          <reporter-output>
          </reporter-output>
        </test-method> <!-- printProducts -->
        <test-method is-config="true" signature="quitDriver()[pri:0, instance:com.mystore.testcases.FlipkartHomeTest@248e319b]" started-at="2024-08-06T02:47:28 IST" name="quitDriver" finished-at="2024-08-06T02:47:29 IST" duration-ms="1090" status="PASS">
          <reporter-output>
          </reporter-output>
        </test-method> <!-- quitDriver -->
      </class> <!-- com.mystore.testcases.FlipkartHomeTest -->
    </test> <!-- FireFoxTest -->
    <test started-at="2024-08-06T02:47:11 IST" name="ChromeTest" finished-at="2024-08-06T02:47:48 IST" duration-ms="37352">
      <class name="com.mystore.testcases.FlipkartHomeTest">
        <test-method is-config="true" signature="loadConfig()[pri:0, instance:com.mystore.testcases.FlipkartHomeTest@4d154ccd]" started-at="2024-08-06T02:47:11 IST" name="loadConfig" finished-at="2024-08-06T02:47:11 IST" duration-ms="7" status="PASS">
          <reporter-output>
          </reporter-output>
        </test-method> <!-- loadConfig -->
        <test-method is-config="true" signature="launchApp(java.lang.String)[pri:0, instance:com.mystore.testcases.FlipkartHomeTest@4d154ccd]" started-at="2024-08-06T02:47:11 IST" name="launchApp" finished-at="2024-08-06T02:47:16 IST" duration-ms="4641" status="PASS">
          <params>
            <param index="0">
              <value>
                <![CDATA[Chrome]]>
              </value>
            </param>
          </params>
          <reporter-output>
          </reporter-output>
        </test-method> <!-- launchApp -->
        <test-method signature="printProducts()[pri:0, instance:com.mystore.testcases.FlipkartHomeTest@4d154ccd]" started-at="2024-08-06T02:47:16 IST" name="printProducts" finished-at="2024-08-06T02:47:48 IST" duration-ms="32464" status="PASS">
          <reporter-output>
          </reporter-output>
        </test-method> <!-- printProducts -->
        <test-method is-config="true" signature="quitDriver()[pri:0, instance:com.mystore.testcases.FlipkartHomeTest@4d154ccd]" started-at="2024-08-06T02:47:48 IST" name="quitDriver" finished-at="2024-08-06T02:47:48 IST" duration-ms="218" status="PASS">
          <reporter-output>
          </reporter-output>
        </test-method> <!-- quitDriver -->
      </class> <!-- com.mystore.testcases.FlipkartHomeTest -->
    </test> <!-- ChromeTest -->
  </suite> <!-- Suite -->
</testng-results>
